# JRE version: Java(TM) SE Runtime Environment (8.0_161-b12) (build 1.8.0_161-b12)
# Java VM: Java HotSpot(TM) Client VM (25.161-b12 mixed mode windows-x86 )
Heap:
 def new generation   total 11264K, used 500K [0x03e00000, 0x04a30000, 0x09350000)
  eden space 10048K,   4% used [0x03e00000, 0x03e7d180, 0x047d0000)
  from space 1216K,   0% used [0x047d0000, 0x047d0000, 0x04900000)
  to   space 1216K,   0% used [0x04900000, 0x04900000, 0x04a30000)
 tenured generation   total 24932K, used 14958K [0x09350000, 0x0aba9000, 0x13e00000)
   the space 24932K,  59% used [0x09350000, 0x0a1ebb80, 0x0a1ebc00, 0x0aba9000)
 Metaspace       used 13421K, capacity 13704K, committed 13824K, reserved 14720K
GC Heap History (10 events):
Event: 5.805 GC heap before
{Heap before GC invocations=37 (full 1):
 def new generation   total 6656K, used 6478K [0x03e00000, 0x04530000, 0x09350000)
  eden space 5952K, 100% used [0x03e00000, 0x043d0000, 0x043d0000)
  from space 704K,  74% used [0x043d0000, 0x04453aa0, 0x04480000)
  to   space 704K,   0% used [0x04480000, 0x04480000, 0x04530000)
 tenured generation   total 14712K, used 14610K [0x09350000, 0x0a1ae000, 0x13e00000)
   the space 14712K,  99% used [0x09350000, 0x0a194988, 0x0a194a00, 0x0a1ae000)
 Metaspace       used 10747K, capacity 10946K, committed 11008K, reserved 11648K
Event: 5.871 GC heap after
Heap after GC invocations=38 (full 2):
 def new generation   total 9088K, used 0K [0x03e00000, 0x047d0000, 0x09350000)
  eden space 8128K,   0% used [0x03e00000, 0x03e00000, 0x045f0000)
  from space 960K,   0% used [0x045f0000, 0x045f0000, 0x046e0000)
  to   space 960K,   0% used [0x046e0000, 0x046e0000, 0x047d0000)
 tenured generation   total 20012K, used 12005K [0x09350000, 0x0a6db000, 0x13e00000)
   the space 20012K,  59% used [0x09350000, 0x09f09748, 0x09f09800, 0x0a6db000)
 Metaspace       used 10747K, capacity 10946K, committed 11008K, reserved 11648K
}
Event: 7.137 GC heap before
{Heap before GC invocations=38 (full 2):
 def new generation   total 9088K, used 8128K [0x03e00000, 0x047d0000, 0x09350000)
  eden space 8128K, 100% used [0x03e00000, 0x045f0000, 0x045f0000)
  from space 960K,   0% used [0x045f0000, 0x045f0000, 0x046e0000)
  to   space 960K,   0% used [0x046e0000, 0x046e0000, 0x047d0000)
 tenured generation   total 20012K, used 12005K [0x09350000, 0x0a6db000, 0x13e00000)
   the space 20012K,  59% used [0x09350000, 0x09f09748, 0x09f09800, 0x0a6db000)
 Metaspace       used 12463K, capacity 12773K, committed 12800K, reserved 13696K
Event: 7.146 GC heap after
Heap after GC invocations=39 (full 2):
 def new generation   total 9088K, used 960K [0x03e00000, 0x047d0000, 0x09350000)
  eden space 8128K,   0% used [0x03e00000, 0x03e00000, 0x045f0000)
  from space 960K, 100% used [0x046e0000, 0x047d0000, 0x047d0000)
  to   space 960K,   0% used [0x045f0000, 0x045f0000, 0x046e0000)
 tenured generation   total 20012K, used 12621K [0x09350000, 0x0a6db000, 0x13e00000)
   the space 20012K,  63% used [0x09350000, 0x09fa3560, 0x09fa3600, 0x0a6db000)
 Metaspace       used 12463K, capacity 12773K, committed 12800K, reserved 13696K
}
Event: 8.131 GC heap before
{Heap before GC invocations=39 (full 2):
 def new generation   total 9088K, used 9088K [0x03e00000, 0x047d0000, 0x09350000)
  eden space 8128K, 100% used [0x03e00000, 0x045f0000, 0x045f0000)
  from space 960K, 100% used [0x046e0000, 0x047d0000, 0x047d0000)
  to   space 960K,   0% used [0x045f0000, 0x045f0000, 0x046e0000)
 tenured generation   total 20012K, used 12621K [0x09350000, 0x0a6db000, 0x13e00000)
   the space 20012K,  63% used [0x09350000, 0x09fa3560, 0x09fa3600, 0x0a6db000)
 Metaspace       used 12753K, capacity 13032K, committed 13056K, reserved 13696K
Event: 8.137 GC heap after
Heap after GC invocations=40 (full 2):
 def new generation   total 9088K, used 959K [0x03e00000, 0x047d0000, 0x09350000)
  eden space 8128K,   0% used [0x03e00000, 0x03e00000, 0x045f0000)
  from space 960K,  99% used [0x045f0000, 0x046dfff8, 0x046e0000)
  to   space 960K,   0% used [0x046e0000, 0x046e0000, 0x047d0000)
 tenured generation   total 20012K, used 13565K [0x09350000, 0x0a6db000, 0x13e00000)
   the space 20012K,  67% used [0x09350000, 0x0a08f410, 0x0a08f600, 0x0a6db000)
 Metaspace       used 12753K, capacity 13032K, committed 13056K, reserved 13696K
}
Event: 8.255 GC heap before
{Heap before GC invocations=40 (full 2):
 def new generation   total 9088K, used 9086K [0x03e00000, 0x047d0000, 0x09350000)
  eden space 8128K,  99% used [0x03e00000, 0x045ef918, 0x045f0000)
  from space 960K,  99% used [0x045f0000, 0x046dfff8, 0x046e0000)
  to   space 960K,   0% used [0x046e0000, 0x046e0000, 0x047d0000)
 tenured generation   total 20012K, used 13565K [0x09350000, 0x0a6db000, 0x13e00000)
   the space 20012K,  67% used [0x09350000, 0x0a08f410, 0x0a08f600, 0x0a6db000)
 Metaspace       used 13212K, capacity 13512K, committed 13568K, reserved 13696K
Event: 8.261 GC heap after
Heap after GC invocations=41 (full 2):
 def new generation   total 9088K, used 960K [0x03e00000, 0x047d0000, 0x09350000)
  eden space 8128K,   0% used [0x03e00000, 0x03e00000, 0x045f0000)
  from space 960K, 100% used [0x046e0000, 0x047d0000, 0x047d0000)
  to   space 960K,   0% used [0x045f0000, 0x045f0000, 0x046e0000)
 tenured generation   total 20012K, used 14405K [0x09350000, 0x0a6db000, 0x13e00000)
   the space 20012K,  71% used [0x09350000, 0x0a161708, 0x0a161800, 0x0a6db000)
 Metaspace       used 13212K, capacity 13512K, committed 13568K, reserved 13696K
}
Event: 8.394 GC heap before
{Heap before GC invocations=41 (full 2):
 def new generation   total 9088K, used 7659K [0x03e00000, 0x047d0000, 0x09350000)
  eden space 8128K,  82% used [0x03e00000, 0x0448ae50, 0x045f0000)
  from space 960K, 100% used [0x046e0000, 0x047d0000, 0x047d0000)
  to   space 960K,   0% used [0x045f0000, 0x045f0000, 0x046e0000)
 tenured generation   total 20012K, used 14405K [0x09350000, 0x0a6db000, 0x13e00000)
   the space 20012K,  71% used [0x09350000, 0x0a161708, 0x0a161800, 0x0a6db000)
 Metaspace       used 13411K, capacity 13704K, committed 13824K, reserved 14720K
Event: 8.449 GC heap after
Heap after GC invocations=42 (full 3):
 def new generation   total 11264K, used 0K [0x03e00000, 0x04a30000, 0x09350000)
  eden space 10048K,   0% used [0x03e00000, 0x03e00000, 0x047d0000)
  from space 1216K,   0% used [0x047d0000, 0x047d0000, 0x04900000)
  to   space 1216K,   0% used [0x04900000, 0x04900000, 0x04a30000)
 tenured generation   total 24932K, used 14958K [0x09350000, 0x0aba9000, 0x13e00000)
   the space 24932K,  59% used [0x09350000, 0x0a1ebb80, 0x0a1ebc00, 0x0aba9000)
 Metaspace       used 13411K, capacity 13704K, committed 13824K, reserved 14720K
}

