# JRE version: Java(TM) SE Runtime Environment (8.0_161-b12) (build 1.8.0_161-b12)
# Java VM: Java HotSpot(TM) Client VM (25.161-b12 mixed mode, sharing windows-x86 )
Heap:
 def new generation   total 9792K, used 1024K [0x03c00000, 0x04690000, 0x09150000)
  eden space 8768K,   0% used [0x03c00000, 0x03c00000, 0x04490000)
  from space 1024K, 100% used [0x04590000, 0x04690000, 0x04690000)
  to   space 1024K,   0% used [0x04490000, 0x04490000, 0x04590000)
 tenured generation   total 22360K, used 22296K [0x09150000, 0x0a726000, 0x13c00000)
   the space 22360K,  99% used [0x09150000, 0x0a7161a0, 0x0998d400, 0x0a726000)
 Metaspace       used 9303K, capacity 10954K, committed 11008K, reserved 11648K
GC Heap History (10 events):
Event: 3.918 GC heap after
Heap after GC invocations=41 (full 2):
 def new generation   total 9792K, used 0K [0x03c00000, 0x04690000, 0x09150000)
  eden space 8768K,   0% used [0x03c00000, 0x03c00000, 0x04490000)
  from space 1024K,   0% used [0x04490000, 0x04490000, 0x04590000)
  to   space 1024K,   0% used [0x04590000, 0x04590000, 0x04690000)
 tenured generation   total 21592K, used 12953K [0x09150000, 0x0a666000, 0x13c00000)
   the space 21592K,  59% used [0x09150000, 0x09df66c0, 0x09df6800, 0x0a666000)
 Metaspace       used 7233K, capacity 8970K, committed 9088K, reserved 9600K
}
Event: 4.117 GC heap before
{Heap before GC invocations=41 (full 2):
 def new generation   total 9792K, used 8768K [0x03c00000, 0x04690000, 0x09150000)
  eden space 8768K, 100% used [0x03c00000, 0x04490000, 0x04490000)
  from space 1024K,   0% used [0x04490000, 0x04490000, 0x04590000)
  to   space 1024K,   0% used [0x04590000, 0x04590000, 0x04690000)
 tenured generation   total 21592K, used 12953K [0x09150000, 0x0a666000, 0x13c00000)
   the space 21592K,  59% used [0x09150000, 0x09df66c0, 0x09df6800, 0x0a666000)
 Metaspace       used 8931K, capacity 10634K, committed 10752K, reserved 11648K
Event: 4.122 GC heap after
Heap after GC invocations=42 (full 2):
 def new generation   total 9792K, used 884K [0x03c00000, 0x04690000, 0x09150000)
  eden space 8768K,   0% used [0x03c00000, 0x03c00000, 0x04490000)
  from space 1024K,  86% used [0x04590000, 0x0466d1a0, 0x04690000)
  to   space 1024K,   0% used [0x04490000, 0x04490000, 0x04590000)
 tenured generation   total 21592K, used 12953K [0x09150000, 0x0a666000, 0x13c00000)
   the space 21592K,  59% used [0x09150000, 0x09df66c0, 0x09df6800, 0x0a666000)
 Metaspace       used 8931K, capacity 10634K, committed 10752K, reserved 11648K
}
Event: 4.191 GC heap before
{Heap before GC invocations=42 (full 2):
 def new generation   total 9792K, used 9633K [0x03c00000, 0x04690000, 0x09150000)
  eden space 8768K,  99% used [0x03c00000, 0x0448b378, 0x04490000)
  from space 1024K,  86% used [0x04590000, 0x0466d1a0, 0x04690000)
  to   space 1024K,   0% used [0x04490000, 0x04490000, 0x04590000)
 tenured generation   total 21592K, used 12953K [0x09150000, 0x0a666000, 0x13c00000)
   the space 21592K,  59% used [0x09150000, 0x09df66c0, 0x09df6800, 0x0a666000)
 Metaspace       used 9105K, capacity 10762K, committed 10880K, reserved 11648K
Event: 4.195 GC heap after
Heap after GC invocations=43 (full 2):
 def new generation   total 9792K, used 515K [0x03c00000, 0x04690000, 0x09150000)
  eden space 8768K,   0% used [0x03c00000, 0x03c00000, 0x04490000)
  from space 1024K,  50% used [0x04490000, 0x04510e98, 0x04590000)
  to   space 1024K,   0% used [0x04590000, 0x04590000, 0x04690000)
 tenured generation   total 21592K, used 13784K [0x09150000, 0x0a666000, 0x13c00000)
   the space 21592K,  63% used [0x09150000, 0x09ec63a0, 0x09ec6400, 0x0a666000)
 Metaspace       used 9105K, capacity 10762K, committed 10880K, reserved 11648K
}
Event: 4.208 GC heap before
{Heap before GC invocations=43 (full 2):
 def new generation   total 9792K, used 9283K [0x03c00000, 0x04690000, 0x09150000)
  eden space 8768K, 100% used [0x03c00000, 0x04490000, 0x04490000)
  from space 1024K,  50% used [0x04490000, 0x04510e98, 0x04590000)
  to   space 1024K,   0% used [0x04590000, 0x04590000, 0x04690000)
 tenured generation   total 21592K, used 13784K [0x09150000, 0x0a666000, 0x13c00000)
   the space 21592K,  63% used [0x09150000, 0x09ec63a0, 0x09ec6400, 0x0a666000)
 Metaspace       used 9105K, capacity 10762K, committed 10880K, reserved 11648K
Event: 4.210 GC heap after
Heap after GC invocations=44 (full 2):
 def new generation   total 9792K, used 248K [0x03c00000, 0x04690000, 0x09150000)
  eden space 8768K,   0% used [0x03c00000, 0x03c00000, 0x04490000)
  from space 1024K,  24% used [0x04590000, 0x045ce2e0, 0x04690000)
  to   space 1024K,   0% used [0x04490000, 0x04490000, 0x04590000)
 tenured generation   total 21592K, used 13917K [0x09150000, 0x0a666000, 0x13c00000)
   the space 21592K,  64% used [0x09150000, 0x09ee75a0, 0x09ee7600, 0x0a666000)
 Metaspace       used 9105K, capacity 10762K, committed 10880K, reserved 11648K
}
Event: 4.851 GC heap before
{Heap before GC invocations=44 (full 2):
 def new generation   total 9792K, used 9016K [0x03c00000, 0x04690000, 0x09150000)
  eden space 8768K, 100% used [0x03c00000, 0x04490000, 0x04490000)
  from space 1024K,  24% used [0x04590000, 0x045ce2e0, 0x04690000)
  to   space 1024K,   0% used [0x04490000, 0x04490000, 0x04590000)
 tenured generation   total 21592K, used 13917K [0x09150000, 0x0a666000, 0x13c00000)
   the space 21592K,  64% used [0x09150000, 0x09ee75a0, 0x09ee7600, 0x0a666000)
 Metaspace       used 9301K, capacity 10954K, committed 11008K, reserved 11648K
Event: 4.861 GC heap after
Heap after GC invocations=45 (full 2):
 def new generation   total 9792K, used 1024K [0x03c00000, 0x04690000, 0x09150000)
  eden space 8768K,   0% used [0x03c00000, 0x03c00000, 0x04490000)
  from space 1024K, 100% used [0x04490000, 0x04590000, 0x04590000)
  to   space 1024K,   0% used [0x04590000, 0x04590000, 0x04690000)
 tenured generation   total 21592K, used 17768K [0x09150000, 0x0a666000, 0x13c00000)
   the space 21592K,  82% used [0x09150000, 0x0a2aa258, 0x0a2aa400, 0x0a666000)
 Metaspace       used 9301K, capacity 10954K, committed 11008K, reserved 11648K
}
Event: 4.917 GC heap before
{Heap before GC invocations=45 (full 2):
 def new generation   total 9792K, used 9792K [0x03c00000, 0x04690000, 0x09150000)
  eden space 8768K, 100% used [0x03c00000, 0x04490000, 0x04490000)
  from space 1024K, 100% used [0x04490000, 0x04590000, 0x04590000)
  to   space 1024K,   0% used [0x04590000, 0x04590000, 0x04690000)
 tenured generation   total 21592K, used 17768K [0x09150000, 0x0a666000, 0x13c00000)
   the space 21592K,  82% used [0x09150000, 0x0a2aa258, 0x0a2aa400, 0x0a666000)
 Metaspace       used 9303K, capacity 10954K, committed 11008K, reserved 11648K

