# JRE version: Java(TM) SE Runtime Environment (8.0_161-b12) (build 1.8.0_161-b12)
# Java VM: Java HotSpot(TM) Client VM (25.161-b12 mixed mode, sharing windows-x86 )
Heap:
 def new generation   total 14848K, used 390K [0x03c00000, 0x04c10000, 0x09150000)
  eden space 13248K,   2% used [0x03c00000, 0x03c61840, 0x048f0000)
  from space 1600K,   0% used [0x04a80000, 0x04a80000, 0x04c10000)
  to   space 1600K,   0% used [0x048f0000, 0x048f0000, 0x04a80000)
 tenured generation   total 32776K, used 18794K [0x09150000, 0x0b152000, 0x13c00000)
   the space 32776K,  57% used [0x09150000, 0x0a3aa820, 0x0a3aaa00, 0x0b152000)
 Metaspace       used 10686K, capacity 10920K, committed 11136K, reserved 11648K
GC Heap History (10 events):
Event: 75.862 GC heap before
{Heap before GC invocations=53 (full 3):
 def new generation   total 14848K, used 13649K [0x03c00000, 0x04c10000, 0x09150000)
  eden space 13248K, 100% used [0x03c00000, 0x048f0000, 0x048f0000)
  from space 1600K,  25% used [0x04a80000, 0x04ae4670, 0x04c10000)
  to   space 1600K,   0% used [0x048f0000, 0x048f0000, 0x04a80000)
 tenured generation   total 32776K, used 19664K [0x09150000, 0x0b152000, 0x13c00000)
   the space 32776K,  59% used [0x09150000, 0x0a484018, 0x0a484200, 0x0b152000)
 Metaspace       used 10696K, capacity 10965K, committed 11136K, reserved 11648K
Event: 75.880 GC heap after
Heap after GC invocations=54 (full 3):
 def new generation   total 14848K, used 901K [0x03c00000, 0x04c10000, 0x09150000)
  eden space 13248K,   0% used [0x03c00000, 0x03c00000, 0x048f0000)
  from space 1600K,  56% used [0x048f0000, 0x049d1598, 0x04a80000)
  to   space 1600K,   0% used [0x04a80000, 0x04a80000, 0x04c10000)
 tenured generation   total 32776K, used 19664K [0x09150000, 0x0b152000, 0x13c00000)
   the space 32776K,  59% used [0x09150000, 0x0a484018, 0x0a484200, 0x0b152000)
 Metaspace       used 10696K, capacity 10965K, committed 11136K, reserved 11648K
}
Event: 83.138 GC heap before
{Heap before GC invocations=54 (full 3):
 def new generation   total 14848K, used 14149K [0x03c00000, 0x04c10000, 0x09150000)
  eden space 13248K, 100% used [0x03c00000, 0x048f0000, 0x048f0000)
  from space 1600K,  56% used [0x048f0000, 0x049d1598, 0x04a80000)
  to   space 1600K,   0% used [0x04a80000, 0x04a80000, 0x04c10000)
 tenured generation   total 32776K, used 19664K [0x09150000, 0x0b152000, 0x13c00000)
   the space 32776K,  59% used [0x09150000, 0x0a484018, 0x0a484200, 0x0b152000)
 Metaspace       used 10697K, capacity 10968K, committed 11136K, reserved 11648K
Event: 83.148 GC heap after
Heap after GC invocations=55 (full 3):
 def new generation   total 14848K, used 911K [0x03c00000, 0x04c10000, 0x09150000)
  eden space 13248K,   0% used [0x03c00000, 0x03c00000, 0x048f0000)
  from space 1600K,  56% used [0x04a80000, 0x04b63ce8, 0x04c10000)
  to   space 1600K,   0% used [0x048f0000, 0x048f0000, 0x04a80000)
 tenured generation   total 32776K, used 20015K [0x09150000, 0x0b152000, 0x13c00000)
   the space 32776K,  61% used [0x09150000, 0x0a4dbfc0, 0x0a4dc000, 0x0b152000)
 Metaspace       used 10697K, capacity 10968K, committed 11136K, reserved 11648K
}
Event: 88.246 GC heap before
{Heap before GC invocations=55 (full 3):
 def new generation   total 14848K, used 14156K [0x03c00000, 0x04c10000, 0x09150000)
  eden space 13248K,  99% used [0x03c00000, 0x048ef528, 0x048f0000)
  from space 1600K,  56% used [0x04a80000, 0x04b63ce8, 0x04c10000)
  to   space 1600K,   0% used [0x048f0000, 0x048f0000, 0x04a80000)
 tenured generation   total 32776K, used 20015K [0x09150000, 0x0b152000, 0x13c00000)
   the space 32776K,  61% used [0x09150000, 0x0a4dbfc0, 0x0a4dc000, 0x0b152000)
 Metaspace       used 10697K, capacity 10968K, committed 11136K, reserved 11648K
Event: 88.253 GC heap after
Heap after GC invocations=56 (full 3):
 def new generation   total 14848K, used 499K [0x03c00000, 0x04c10000, 0x09150000)
  eden space 13248K,   0% used [0x03c00000, 0x03c00000, 0x048f0000)
  from space 1600K,  31% used [0x048f0000, 0x0496cec0, 0x04a80000)
  to   space 1600K,   0% used [0x04a80000, 0x04a80000, 0x04c10000)
 tenured generation   total 32776K, used 20339K [0x09150000, 0x0b152000, 0x13c00000)
   the space 32776K,  62% used [0x09150000, 0x0a52cee0, 0x0a52d000, 0x0b152000)
 Metaspace       used 10697K, capacity 10968K, committed 11136K, reserved 11648K
}
Event: 1892.515 GC heap before
{Heap before GC invocations=56 (full 3):
 def new generation   total 14848K, used 13747K [0x03c00000, 0x04c10000, 0x09150000)
  eden space 13248K, 100% used [0x03c00000, 0x048f0000, 0x048f0000)
  from space 1600K,  31% used [0x048f0000, 0x0496cec0, 0x04a80000)
  to   space 1600K,   0% used [0x04a80000, 0x04a80000, 0x04c10000)
 tenured generation   total 32776K, used 20339K [0x09150000, 0x0b152000, 0x13c00000)
   the space 32776K,  62% used [0x09150000, 0x0a52cee0, 0x0a52d000, 0x0b152000)
 Metaspace       used 10701K, capacity 10968K, committed 11136K, reserved 11648K
Event: 1892.522 GC heap after
Heap after GC invocations=57 (full 3):
 def new generation   total 14848K, used 385K [0x03c00000, 0x04c10000, 0x09150000)
  eden space 13248K,   0% used [0x03c00000, 0x03c00000, 0x048f0000)
  from space 1600K,  24% used [0x04a80000, 0x04ae07e8, 0x04c10000)
  to   space 1600K,   0% used [0x048f0000, 0x048f0000, 0x04a80000)
 tenured generation   total 32776K, used 20339K [0x09150000, 0x0b152000, 0x13c00000)
   the space 32776K,  62% used [0x09150000, 0x0a52cee0, 0x0a52d000, 0x0b152000)
 Metaspace       used 10701K, capacity 10968K, committed 11136K, reserved 11648K
}
Event: 1892.830 GC heap before
{Heap before GC invocations=57 (full 3):
 def new generation   total 14848K, used 3619K [0x03c00000, 0x04c10000, 0x09150000)
  eden space 13248K,  24% used [0x03c00000, 0x03f287a8, 0x048f0000)
  from space 1600K,  24% used [0x04a80000, 0x04ae07e8, 0x04c10000)
  to   space 1600K,   0% used [0x048f0000, 0x048f0000, 0x04a80000)
 tenured generation   total 32776K, used 20339K [0x09150000, 0x0b152000, 0x13c00000)
   the space 32776K,  62% used [0x09150000, 0x0a52cee0, 0x0a52d000, 0x0b152000)
 Metaspace       used 10703K, capacity 10968K, committed 11136K, reserved 11648K
Event: 1892.989 GC heap after
Heap after GC invocations=58 (full 4):
 def new generation   total 14848K, used 0K [0x03c00000, 0x04c10000, 0x09150000)
  eden space 13248K,   0% used [0x03c00000, 0x03c00000, 0x048f0000)
  from space 1600K,   0% used [0x04a80000, 0x04a80000, 0x04c10000)
  to   space 1600K,   0% used [0x048f0000, 0x048f0000, 0x04a80000)
 tenured generation   total 32776K, used 18794K [0x09150000, 0x0b152000, 0x13c00000)
   the space 32776K,  57% used [0x09150000, 0x0a3aa820, 0x0a3aaa00, 0x0b152000)
 Metaspace       used 10676K, capacity 10920K, committed 11136K, reserved 11648K
}

