# JRE version: Java(TM) SE Runtime Environment (8.0_161-b12) (build 1.8.0_161-b12)
# Java VM: Java HotSpot(TM) Client VM (25.161-b12 mixed mode windows-x86 )
Heap:
 def new generation   total 9408K, used 1458K [0x03e00000, 0x04830000, 0x09350000)
  eden space 8384K,   7% used [0x03e00000, 0x03ea7a08, 0x04630000)
  from space 1024K,  76% used [0x04730000, 0x047f5188, 0x04830000)
  to   space 1024K,   0% used [0x04630000, 0x04630000, 0x04730000)
 tenured generation   total 20804K, used 14033K [0x09350000, 0x0a7a1000, 0x13e00000)
   the space 20804K,  67% used [0x09350000, 0x0a1047a0, 0x0a104800, 0x0a7a1000)
 Metaspace       used 15649K, capacity 15713K, committed 15872K, reserved 16768K
GC Heap History (10 events):
Event: 5.225 GC heap before
{Heap before GC invocations=43 (full 1):
 def new generation   total 7104K, used 6664K [0x03e00000, 0x045b0000, 0x09350000)
  eden space 6336K, 100% used [0x03e00000, 0x04430000, 0x04430000)
  from space 768K,  42% used [0x04430000, 0x04482068, 0x044f0000)
  to   space 768K,   0% used [0x044f0000, 0x044f0000, 0x045b0000)
 tenured generation   total 15660K, used 14574K [0x09350000, 0x0a29b000, 0x13e00000)
   the space 15660K,  93% used [0x09350000, 0x0a18bb70, 0x0a18bc00, 0x0a29b000)
 Metaspace       used 13122K, capacity 13195K, committed 13312K, reserved 13696K
Event: 5.229 GC heap after
Heap after GC invocations=44 (full 1):
 def new generation   total 7104K, used 768K [0x03e00000, 0x045b0000, 0x09350000)
  eden space 6336K,   0% used [0x03e00000, 0x03e00000, 0x04430000)
  from space 768K, 100% used [0x044f0000, 0x045b0000, 0x045b0000)
  to   space 768K,   0% used [0x04430000, 0x04430000, 0x044f0000)
 tenured generation   total 15660K, used 14898K [0x09350000, 0x0a29b000, 0x13e00000)
   the space 15660K,  95% used [0x09350000, 0x0a1dca58, 0x0a1dcc00, 0x0a29b000)
 Metaspace       used 13122K, capacity 13195K, committed 13312K, reserved 13696K
}
Event: 5.351 GC heap before
{Heap before GC invocations=44 (full 1):
 def new generation   total 7104K, used 7104K [0x03e00000, 0x045b0000, 0x09350000)
  eden space 6336K, 100% used [0x03e00000, 0x04430000, 0x04430000)
  from space 768K, 100% used [0x044f0000, 0x045b0000, 0x045b0000)
  to   space 768K,   0% used [0x04430000, 0x04430000, 0x044f0000)
 tenured generation   total 15660K, used 14898K [0x09350000, 0x0a29b000, 0x13e00000)
   the space 15660K,  95% used [0x09350000, 0x0a1dca58, 0x0a1dcc00, 0x0a29b000)
 Metaspace       used 13317K, capacity 13387K, committed 13440K, reserved 13696K
Event: 5.356 GC heap after
Heap after GC invocations=45 (full 1):
 def new generation   total 7104K, used 567K [0x03e00000, 0x045b0000, 0x09350000)
  eden space 6336K,   0% used [0x03e00000, 0x03e00000, 0x04430000)
  from space 768K,  73% used [0x04430000, 0x044bdf38, 0x044f0000)
  to   space 768K,   0% used [0x044f0000, 0x044f0000, 0x045b0000)
 tenured generation   total 15660K, used 15307K [0x09350000, 0x0a29b000, 0x13e00000)
   the space 15660K,  97% used [0x09350000, 0x0a242ec8, 0x0a243000, 0x0a29b000)
 Metaspace       used 13317K, capacity 13387K, committed 13440K, reserved 13696K
}
Event: 5.397 GC heap before
{Heap before GC invocations=45 (full 1):
 def new generation   total 7104K, used 6903K [0x03e00000, 0x045b0000, 0x09350000)
  eden space 6336K, 100% used [0x03e00000, 0x04430000, 0x04430000)
  from space 768K,  73% used [0x04430000, 0x044bdf38, 0x044f0000)
  to   space 768K,   0% used [0x044f0000, 0x044f0000, 0x045b0000)
 tenured generation   total 15660K, used 15307K [0x09350000, 0x0a29b000, 0x13e00000)
   the space 15660K,  97% used [0x09350000, 0x0a242ec8, 0x0a243000, 0x0a29b000)
 Metaspace       used 13317K, capacity 13387K, committed 13440K, reserved 13696K
Event: 5.400 GC heap after
Heap after GC invocations=46 (full 1):
 def new generation   total 7104K, used 410K [0x03e00000, 0x045b0000, 0x09350000)
  eden space 6336K,   0% used [0x03e00000, 0x03e00000, 0x04430000)
  from space 768K,  53% used [0x044f0000, 0x04556850, 0x045b0000)
  to   space 768K,   0% used [0x04430000, 0x04430000, 0x044f0000)
 tenured generation   total 15660K, used 15521K [0x09350000, 0x0a29b000, 0x13e00000)
   the space 15660K,  99% used [0x09350000, 0x0a278458, 0x0a278600, 0x0a29b000)
 Metaspace       used 13317K, capacity 13387K, committed 13440K, reserved 13696K
}
Event: 5.483 GC heap before
{Heap before GC invocations=46 (full 1):
 def new generation   total 7104K, used 6746K [0x03e00000, 0x045b0000, 0x09350000)
  eden space 6336K, 100% used [0x03e00000, 0x04430000, 0x04430000)
  from space 768K,  53% used [0x044f0000, 0x04556850, 0x045b0000)
  to   space 768K,   0% used [0x04430000, 0x04430000, 0x044f0000)
 tenured generation   total 15660K, used 15521K [0x09350000, 0x0a29b000, 0x13e00000)
   the space 15660K,  99% used [0x09350000, 0x0a278458, 0x0a278600, 0x0a29b000)
 Metaspace       used 13409K, capacity 13483K, committed 13568K, reserved 13696K
Event: 5.485 GC heap after
Heap after GC invocations=47 (full 1):
 def new generation   total 7104K, used 439K [0x03e00000, 0x045b0000, 0x09350000)
  eden space 6336K,   0% used [0x03e00000, 0x03e00000, 0x04430000)
  from space 768K,  57% used [0x04430000, 0x0449ddf0, 0x044f0000)
  to   space 768K,   0% used [0x044f0000, 0x044f0000, 0x045b0000)
 tenured generation   total 15660K, used 15614K [0x09350000, 0x0a29b000, 0x13e00000)
   the space 15660K,  99% used [0x09350000, 0x0a28f870, 0x0a28fa00, 0x0a29b000)
 Metaspace       used 13409K, capacity 13483K, committed 13568K, reserved 13696K
}
Event: 5.553 GC heap before
{Heap before GC invocations=47 (full 1):
 def new generation   total 7104K, used 6775K [0x03e00000, 0x045b0000, 0x09350000)
  eden space 6336K, 100% used [0x03e00000, 0x04430000, 0x04430000)
  from space 768K,  57% used [0x04430000, 0x0449ddf0, 0x044f0000)
  to   space 768K,   0% used [0x044f0000, 0x044f0000, 0x045b0000)
 tenured generation   total 15660K, used 15614K [0x09350000, 0x0a29b000, 0x13e00000)
   the space 15660K,  99% used [0x09350000, 0x0a28f870, 0x0a28fa00, 0x0a29b000)
 Metaspace       used 13571K, capacity 13643K, committed 13696K, reserved 13696K
Event: 5.598 GC heap after
Heap after GC invocations=48 (full 2):
 def new generation   total 9408K, used 0K [0x03e00000, 0x04830000, 0x09350000)
  eden space 8384K,   0% used [0x03e00000, 0x03e00000, 0x04630000)
  from space 1024K,   0% used [0x04630000, 0x04630000, 0x04730000)
  to   space 1024K,   0% used [0x04730000, 0x04730000, 0x04830000)
 tenured generation   total 20804K, used 12482K [0x09350000, 0x0a7a1000, 0x13e00000)
   the space 20804K,  59% used [0x09350000, 0x09f80910, 0x09f80a00, 0x0a7a1000)
 Metaspace       used 13571K, capacity 13643K, committed 13696K, reserved 13696K
}

