# JRE version: Java(TM) SE Runtime Environment (8.0_161-b12) (build 1.8.0_161-b12)
# Java VM: Java HotSpot(TM) Client VM (25.161-b12 mixed mode windows-x86 )
Heap:
 def new generation   total 9472K, used 9078K [0x03e00000, 0x04840000, 0x09350000)
  eden space 8448K, 100% used [0x03e00000, 0x04640000, 0x04640000)
  from space 1024K,  61% used [0x04640000, 0x046dd920, 0x04740000)
  to   space 1024K,   1% used [0x04740000, 0x047450a8, 0x04840000)
 tenured generation   total 20872K, used 12640K [0x09350000, 0x0a7b2000, 0x13e00000)
   the space 20872K,  60% used [0x09350000, 0x09fa81f0, 0x09fa8200, 0x0a7b2000)
 Metaspace       used 14105K, capacity 14197K, committed 14336K, reserved 14720K
GC Heap History (10 events):
Event: 4.679 GC heap after
Heap after GC invocations=45 (full 1):
 def new generation   total 7104K, used 767K [0x03e00000, 0x045b0000, 0x09350000)
  eden space 6336K,   0% used [0x03e00000, 0x03e00000, 0x04430000)
  from space 768K,  99% used [0x04430000, 0x044efef8, 0x044f0000)
  to   space 768K,   0% used [0x044f0000, 0x044f0000, 0x045b0000)
 tenured generation   total 15696K, used 15202K [0x09350000, 0x0a2a4000, 0x13e00000)
   the space 15696K,  96% used [0x09350000, 0x0a2289a0, 0x0a228a00, 0x0a2a4000)
 Metaspace       used 13002K, capacity 13072K, committed 13184K, reserved 13696K
}
Event: 4.829 GC heap before
{Heap before GC invocations=45 (full 1):
 def new generation   total 7104K, used 7103K [0x03e00000, 0x045b0000, 0x09350000)
  eden space 6336K, 100% used [0x03e00000, 0x04430000, 0x04430000)
  from space 768K,  99% used [0x04430000, 0x044efef8, 0x044f0000)
  to   space 768K,   0% used [0x044f0000, 0x044f0000, 0x045b0000)
 tenured generation   total 15696K, used 15202K [0x09350000, 0x0a2a4000, 0x13e00000)
   the space 15696K,  96% used [0x09350000, 0x0a2289a0, 0x0a228a00, 0x0a2a4000)
 Metaspace       used 13327K, capacity 13392K, committed 13440K, reserved 13696K
Event: 4.833 GC heap after
Heap after GC invocations=46 (full 1):
 def new generation   total 7104K, used 767K [0x03e00000, 0x045b0000, 0x09350000)
  eden space 6336K,   0% used [0x03e00000, 0x03e00000, 0x04430000)
  from space 768K,  99% used [0x044f0000, 0x045afff8, 0x045b0000)
  to   space 768K,   0% used [0x04430000, 0x04430000, 0x044f0000)
 tenured generation   total 15696K, used 15605K [0x09350000, 0x0a2a4000, 0x13e00000)
   the space 15696K,  99% used [0x09350000, 0x0a28d560, 0x0a28d600, 0x0a2a4000)
 Metaspace       used 13327K, capacity 13392K, committed 13440K, reserved 13696K
}
Event: 4.878 GC heap before
{Heap before GC invocations=46 (full 1):
 def new generation   total 7104K, used 7103K [0x03e00000, 0x045b0000, 0x09350000)
  eden space 6336K, 100% used [0x03e00000, 0x04430000, 0x04430000)
  from space 768K,  99% used [0x044f0000, 0x045afff8, 0x045b0000)
  to   space 768K,   0% used [0x04430000, 0x04430000, 0x044f0000)
 tenured generation   total 15696K, used 15605K [0x09350000, 0x0a2a4000, 0x13e00000)
   the space 15696K,  99% used [0x09350000, 0x0a28d560, 0x0a28d600, 0x0a2a4000)
 Metaspace       used 13377K, capacity 13456K, committed 13568K, reserved 13696K
Event: 4.922 GC heap after
Heap after GC invocations=47 (full 2):
 def new generation   total 9472K, used 0K [0x03e00000, 0x04840000, 0x09350000)
  eden space 8448K,   0% used [0x03e00000, 0x03e00000, 0x04640000)
  from space 1024K,   0% used [0x04640000, 0x04640000, 0x04740000)
  to   space 1024K,   0% used [0x04740000, 0x04740000, 0x04840000)
 tenured generation   total 20872K, used 12521K [0x09350000, 0x0a7b2000, 0x13e00000)
   the space 20872K,  59% used [0x09350000, 0x09f8a718, 0x09f8a800, 0x0a7b2000)
 Metaspace       used 13377K, capacity 13456K, committed 13568K, reserved 13696K
}
Event: 4.999 GC heap before
{Heap before GC invocations=47 (full 2):
 def new generation   total 9472K, used 8448K [0x03e00000, 0x04840000, 0x09350000)
  eden space 8448K, 100% used [0x03e00000, 0x04640000, 0x04640000)
  from space 1024K,   0% used [0x04640000, 0x04640000, 0x04740000)
  to   space 1024K,   0% used [0x04740000, 0x04740000, 0x04840000)
 tenured generation   total 20872K, used 12521K [0x09350000, 0x0a7b2000, 0x13e00000)
   the space 20872K,  59% used [0x09350000, 0x09f8a718, 0x09f8a800, 0x0a7b2000)
 Metaspace       used 13448K, capacity 13520K, committed 13568K, reserved 13696K
Event: 5.001 GC heap after
Heap after GC invocations=48 (full 2):
 def new generation   total 9472K, used 524K [0x03e00000, 0x04840000, 0x09350000)
  eden space 8448K,   0% used [0x03e00000, 0x03e00000, 0x04640000)
  from space 1024K,  51% used [0x04740000, 0x047c3148, 0x04840000)
  to   space 1024K,   0% used [0x04640000, 0x04640000, 0x04740000)
 tenured generation   total 20872K, used 12521K [0x09350000, 0x0a7b2000, 0x13e00000)
   the space 20872K,  59% used [0x09350000, 0x09f8a718, 0x09f8a800, 0x0a7b2000)
 Metaspace       used 13448K, capacity 13520K, committed 13568K, reserved 13696K
}
Event: 5.103 GC heap before
{Heap before GC invocations=48 (full 2):
 def new generation   total 9472K, used 8972K [0x03e00000, 0x04840000, 0x09350000)
  eden space 8448K, 100% used [0x03e00000, 0x04640000, 0x04640000)
  from space 1024K,  51% used [0x04740000, 0x047c3148, 0x04840000)
  to   space 1024K,   0% used [0x04640000, 0x04640000, 0x04740000)
 tenured generation   total 20872K, used 12521K [0x09350000, 0x0a7b2000, 0x13e00000)
   the space 20872K,  59% used [0x09350000, 0x09f8a718, 0x09f8a800, 0x0a7b2000)
 Metaspace       used 13659K, capacity 13712K, committed 13824K, reserved 14720K
Event: 5.107 GC heap after
Heap after GC invocations=49 (full 2):
 def new generation   total 9472K, used 630K [0x03e00000, 0x04840000, 0x09350000)
  eden space 8448K,   0% used [0x03e00000, 0x03e00000, 0x04640000)
  from space 1024K,  61% used [0x04640000, 0x046dd920, 0x04740000)
  to   space 1024K,   0% used [0x04740000, 0x04740000, 0x04840000)
 tenured generation   total 20872K, used 12630K [0x09350000, 0x0a7b2000, 0x13e00000)
   the space 20872K,  60% used [0x09350000, 0x09fa5ba0, 0x09fa5c00, 0x0a7b2000)
 Metaspace       used 13659K, capacity 13712K, committed 13824K, reserved 14720K
}
Event: 5.355 GC heap before
{Heap before GC invocations=49 (full 2):
 def new generation   total 9472K, used 9078K [0x03e00000, 0x04840000, 0x09350000)
  eden space 8448K, 100% used [0x03e00000, 0x04640000, 0x04640000)
  from space 1024K,  61% used [0x04640000, 0x046dd920, 0x04740000)
  to   space 1024K,   0% used [0x04740000, 0x04740000, 0x04840000)
 tenured generation   total 20872K, used 12630K [0x09350000, 0x0a7b2000, 0x13e00000)
   the space 20872K,  60% used [0x09350000, 0x09fa5ba0, 0x09fa5c00, 0x0a7b2000)
 Metaspace       used 14105K, capacity 14197K, committed 14336K, reserved 14720K

