# JRE version: Java(TM) SE Runtime Environment (8.0_161-b12) (build 1.8.0_161-b12)
# Java VM: Java HotSpot(TM) Client VM (25.161-b12 mixed mode windows-x86 )
Heap:
 def new generation   total 4992K, used 512K [0x03e00000, 0x04360000, 0x09350000)
  eden space 4480K,   0% used [0x03e00000, 0x03e00000, 0x04260000)
  from space 512K, 100% used [0x04260000, 0x042e0000, 0x042e0000)
  to   space 512K,   0% used [0x042e0000, 0x042e0000, 0x04360000)
 tenured generation   total 11072K, used 11008K [0x09350000, 0x09e20000, 0x13e00000)
   the space 11072K,  99% used [0x09350000, 0x09e10090, 0x09cd4000, 0x09e20000)
 Metaspace       used 15630K, capacity 16146K, committed 16256K, reserved 16768K
GC Heap History (10 events):
Event: 4.906 GC heap after
Heap after GC invocations=31 (full 1):
 def new generation   total 4992K, used 486K [0x03e00000, 0x04360000, 0x09350000)
  eden space 4480K,   0% used [0x03e00000, 0x03e00000, 0x04260000)
  from space 512K,  94% used [0x042e0000, 0x043598e8, 0x04360000)
  to   space 512K,   0% used [0x04260000, 0x04260000, 0x042e0000)
 tenured generation   total 10944K, used 6122K [0x09350000, 0x09e00000, 0x13e00000)
   the space 10944K,  55% used [0x09350000, 0x0994aa10, 0x0994ac00, 0x09e00000)
 Metaspace       used 12984K, capacity 13456K, committed 13568K, reserved 13696K
}
Event: 5.064 GC heap before
{Heap before GC invocations=31 (full 1):
 def new generation   total 4992K, used 4966K [0x03e00000, 0x04360000, 0x09350000)
  eden space 4480K, 100% used [0x03e00000, 0x04260000, 0x04260000)
  from space 512K,  94% used [0x042e0000, 0x043598e8, 0x04360000)
  to   space 512K,   0% used [0x04260000, 0x04260000, 0x042e0000)
 tenured generation   total 10944K, used 6122K [0x09350000, 0x09e00000, 0x13e00000)
   the space 10944K,  55% used [0x09350000, 0x0994aa10, 0x0994ac00, 0x09e00000)
 Metaspace       used 13908K, capacity 14418K, committed 14464K, reserved 14720K
Event: 5.068 GC heap after
Heap after GC invocations=32 (full 1):
 def new generation   total 4992K, used 512K [0x03e00000, 0x04360000, 0x09350000)
  eden space 4480K,   0% used [0x03e00000, 0x03e00000, 0x04260000)
  from space 512K, 100% used [0x04260000, 0x042e0000, 0x042e0000)
  to   space 512K,   0% used [0x042e0000, 0x042e0000, 0x04360000)
 tenured generation   total 10944K, used 6313K [0x09350000, 0x09e00000, 0x13e00000)
   the space 10944K,  57% used [0x09350000, 0x0997a4d0, 0x0997a600, 0x09e00000)
 Metaspace       used 13908K, capacity 14418K, committed 14464K, reserved 14720K
}
Event: 5.220 GC heap before
{Heap before GC invocations=32 (full 1):
 def new generation   total 4992K, used 4992K [0x03e00000, 0x04360000, 0x09350000)
  eden space 4480K, 100% used [0x03e00000, 0x04260000, 0x04260000)
  from space 512K, 100% used [0x04260000, 0x042e0000, 0x042e0000)
  to   space 512K,   0% used [0x042e0000, 0x042e0000, 0x04360000)
 tenured generation   total 10944K, used 6313K [0x09350000, 0x09e00000, 0x13e00000)
   the space 10944K,  57% used [0x09350000, 0x0997a4d0, 0x0997a600, 0x09e00000)
 Metaspace       used 14556K, capacity 15080K, committed 15104K, reserved 15744K
Event: 5.225 GC heap after
Heap after GC invocations=33 (full 1):
 def new generation   total 4992K, used 512K [0x03e00000, 0x04360000, 0x09350000)
  eden space 4480K,   0% used [0x03e00000, 0x03e00000, 0x04260000)
  from space 512K, 100% used [0x042e0000, 0x04360000, 0x04360000)
  to   space 512K,   0% used [0x04260000, 0x04260000, 0x042e0000)
 tenured generation   total 10944K, used 7236K [0x09350000, 0x09e00000, 0x13e00000)
   the space 10944K,  66% used [0x09350000, 0x09a61090, 0x09a61200, 0x09e00000)
 Metaspace       used 14556K, capacity 15080K, committed 15104K, reserved 15744K
}
Event: 5.296 GC heap before
{Heap before GC invocations=33 (full 1):
 def new generation   total 4992K, used 4992K [0x03e00000, 0x04360000, 0x09350000)
  eden space 4480K, 100% used [0x03e00000, 0x04260000, 0x04260000)
  from space 512K, 100% used [0x042e0000, 0x04360000, 0x04360000)
  to   space 512K,   0% used [0x04260000, 0x04260000, 0x042e0000)
 tenured generation   total 10944K, used 7236K [0x09350000, 0x09e00000, 0x13e00000)
   the space 10944K,  66% used [0x09350000, 0x09a61090, 0x09a61200, 0x09e00000)
 Metaspace       used 14996K, capacity 15501K, committed 15616K, reserved 15744K
Event: 5.302 GC heap after
Heap after GC invocations=34 (full 1):
 def new generation   total 4992K, used 512K [0x03e00000, 0x04360000, 0x09350000)
  eden space 4480K,   0% used [0x03e00000, 0x03e00000, 0x04260000)
  from space 512K, 100% used [0x04260000, 0x042e0000, 0x042e0000)
  to   space 512K,   0% used [0x042e0000, 0x042e0000, 0x04360000)
 tenured generation   total 10944K, used 10340K [0x09350000, 0x09e00000, 0x13e00000)
   the space 10944K,  94% used [0x09350000, 0x09d691f8, 0x09d69200, 0x09e00000)
 Metaspace       used 14996K, capacity 15501K, committed 15616K, reserved 15744K
}
Event: 5.453 GC heap before
{Heap before GC invocations=34 (full 1):
 def new generation   total 4992K, used 4992K [0x03e00000, 0x04360000, 0x09350000)
  eden space 4480K, 100% used [0x03e00000, 0x04260000, 0x04260000)
  from space 512K, 100% used [0x04260000, 0x042e0000, 0x042e0000)
  to   space 512K,   0% used [0x042e0000, 0x042e0000, 0x04360000)
 tenured generation   total 10944K, used 10340K [0x09350000, 0x09e00000, 0x13e00000)
   the space 10944K,  94% used [0x09350000, 0x09d691f8, 0x09d69200, 0x09e00000)
 Metaspace       used 15270K, capacity 15794K, committed 15872K, reserved 16768K
Event: 5.457 GC heap after
Heap after GC invocations=35 (full 1):
 def new generation   total 4992K, used 494K [0x03e00000, 0x04360000, 0x09350000)
  eden space 4480K,   0% used [0x03e00000, 0x03e00000, 0x04260000)
  from space 512K,  96% used [0x042e0000, 0x0435bb20, 0x04360000)
  to   space 512K,   0% used [0x04260000, 0x04260000, 0x042e0000)
 tenured generation   total 10944K, used 10852K [0x09350000, 0x09e00000, 0x13e00000)
   the space 10944K,  99% used [0x09350000, 0x09de90d0, 0x09de9200, 0x09e00000)
 Metaspace       used 15270K, capacity 15794K, committed 15872K, reserved 16768K
}
Event: 5.562 GC heap before
{Heap before GC invocations=35 (full 1):
 def new generation   total 4992K, used 4974K [0x03e00000, 0x04360000, 0x09350000)
  eden space 4480K, 100% used [0x03e00000, 0x04260000, 0x04260000)
  from space 512K,  96% used [0x042e0000, 0x0435bb20, 0x04360000)
  to   space 512K,   0% used [0x04260000, 0x04260000, 0x042e0000)
 tenured generation   total 10944K, used 10852K [0x09350000, 0x09e00000, 0x13e00000)
   the space 10944K,  99% used [0x09350000, 0x09de90d0, 0x09de9200, 0x09e00000)
 Metaspace       used 15630K, capacity 16146K, committed 16256K, reserved 16768K

