# JRE version: Java(TM) SE Runtime Environment (8.0_161-b12) (build 1.8.0_161-b12)
# Java VM: Java HotSpot(TM) Client VM (25.161-b12 mixed mode windows-x86 )
Heap:
 def new generation   total 4928K, used 512K [0x03e00000, 0x04350000, 0x09350000)
  eden space 4416K,   0% used [0x03e00000, 0x03e00000, 0x04250000)
  from space 512K, 100% used [0x042d0000, 0x04350000, 0x04350000)
  to   space 512K,   0% used [0x04250000, 0x04250000, 0x042d0000)
 tenured generation   total 11072K, used 10990K [0x09350000, 0x09e20000, 0x13e00000)
   the space 11072K,  99% used [0x09350000, 0x09e0bbb0, 0x09e0bc00, 0x09e20000)
 Metaspace       used 8972K, capacity 9074K, committed 9216K, reserved 9600K
GC Heap History (10 events):
Event: 2.059 GC heap after
Heap after GC invocations=16 (full 0):
 def new generation   total 4928K, used 512K [0x03e00000, 0x04350000, 0x09350000)
  eden space 4416K,   0% used [0x03e00000, 0x03e00000, 0x04250000)
  from space 512K, 100% used [0x04250000, 0x042d0000, 0x042d0000)
  to   space 512K,   0% used [0x042d0000, 0x042d0000, 0x04350000)
 tenured generation   total 10944K, used 7071K [0x09350000, 0x09e00000, 0x13e00000)
   the space 10944K,  64% used [0x09350000, 0x09a37c38, 0x09a37e00, 0x09e00000)
 Metaspace       used 8300K, capacity 8421K, committed 8448K, reserved 8576K
}
Event: 2.173 GC heap before
{Heap before GC invocations=16 (full 0):
 def new generation   total 4928K, used 4928K [0x03e00000, 0x04350000, 0x09350000)
  eden space 4416K, 100% used [0x03e00000, 0x04250000, 0x04250000)
  from space 512K, 100% used [0x04250000, 0x042d0000, 0x042d0000)
  to   space 512K,   0% used [0x042d0000, 0x042d0000, 0x04350000)
 tenured generation   total 10944K, used 7071K [0x09350000, 0x09e00000, 0x13e00000)
   the space 10944K,  64% used [0x09350000, 0x09a37c38, 0x09a37e00, 0x09e00000)
 Metaspace       used 8747K, capacity 8869K, committed 8960K, reserved 9600K
Event: 2.179 GC heap after
Heap after GC invocations=17 (full 0):
 def new generation   total 4928K, used 512K [0x03e00000, 0x04350000, 0x09350000)
  eden space 4416K,   0% used [0x03e00000, 0x03e00000, 0x04250000)
  from space 512K, 100% used [0x042d0000, 0x04350000, 0x04350000)
  to   space 512K,   0% used [0x04250000, 0x04250000, 0x042d0000)
 tenured generation   total 10944K, used 8192K [0x09350000, 0x09e00000, 0x13e00000)
   the space 10944K,  74% used [0x09350000, 0x09b50278, 0x09b50400, 0x09e00000)
 Metaspace       used 8747K, capacity 8869K, committed 8960K, reserved 9600K
}
Event: 2.267 GC heap before
{Heap before GC invocations=17 (full 0):
 def new generation   total 4928K, used 4928K [0x03e00000, 0x04350000, 0x09350000)
  eden space 4416K, 100% used [0x03e00000, 0x04250000, 0x04250000)
  from space 512K, 100% used [0x042d0000, 0x04350000, 0x04350000)
  to   space 512K,   0% used [0x04250000, 0x04250000, 0x042d0000)
 tenured generation   total 10944K, used 8192K [0x09350000, 0x09e00000, 0x13e00000)
   the space 10944K,  74% used [0x09350000, 0x09b50278, 0x09b50400, 0x09e00000)
 Metaspace       used 8860K, capacity 8968K, committed 9088K, reserved 9600K
Event: 2.274 GC heap after
Heap after GC invocations=18 (full 0):
 def new generation   total 4928K, used 512K [0x03e00000, 0x04350000, 0x09350000)
  eden space 4416K,   0% used [0x03e00000, 0x03e00000, 0x04250000)
  from space 512K, 100% used [0x04250000, 0x042d0000, 0x042d0000)
  to   space 512K,   0% used [0x042d0000, 0x042d0000, 0x04350000)
 tenured generation   total 10944K, used 8798K [0x09350000, 0x09e00000, 0x13e00000)
   the space 10944K,  80% used [0x09350000, 0x09be7be0, 0x09be7c00, 0x09e00000)
 Metaspace       used 8860K, capacity 8968K, committed 9088K, reserved 9600K
}
Event: 2.331 GC heap before
{Heap before GC invocations=18 (full 0):
 def new generation   total 4928K, used 4928K [0x03e00000, 0x04350000, 0x09350000)
  eden space 4416K, 100% used [0x03e00000, 0x04250000, 0x04250000)
  from space 512K, 100% used [0x04250000, 0x042d0000, 0x042d0000)
  to   space 512K,   0% used [0x042d0000, 0x042d0000, 0x04350000)
 tenured generation   total 10944K, used 8798K [0x09350000, 0x09e00000, 0x13e00000)
   the space 10944K,  80% used [0x09350000, 0x09be7be0, 0x09be7c00, 0x09e00000)
 Metaspace       used 8969K, capacity 9069K, committed 9216K, reserved 9600K
Event: 2.336 GC heap after
Heap after GC invocations=19 (full 0):
 def new generation   total 4928K, used 512K [0x03e00000, 0x04350000, 0x09350000)
  eden space 4416K,   0% used [0x03e00000, 0x03e00000, 0x04250000)
  from space 512K, 100% used [0x042d0000, 0x04350000, 0x04350000)
  to   space 512K,   0% used [0x04250000, 0x04250000, 0x042d0000)
 tenured generation   total 10944K, used 9419K [0x09350000, 0x09e00000, 0x13e00000)
   the space 10944K,  86% used [0x09350000, 0x09c82ca0, 0x09c82e00, 0x09e00000)
 Metaspace       used 8969K, capacity 9069K, committed 9216K, reserved 9600K
}
Event: 2.386 GC heap before
{Heap before GC invocations=19 (full 0):
 def new generation   total 4928K, used 4928K [0x03e00000, 0x04350000, 0x09350000)
  eden space 4416K, 100% used [0x03e00000, 0x04250000, 0x04250000)
  from space 512K, 100% used [0x042d0000, 0x04350000, 0x04350000)
  to   space 512K,   0% used [0x04250000, 0x04250000, 0x042d0000)
 tenured generation   total 10944K, used 9419K [0x09350000, 0x09e00000, 0x13e00000)
   the space 10944K,  86% used [0x09350000, 0x09c82ca0, 0x09c82e00, 0x09e00000)
 Metaspace       used 8972K, capacity 9074K, committed 9216K, reserved 9600K
Event: 2.390 GC heap after
Heap after GC invocations=20 (full 0):
 def new generation   total 4928K, used 512K [0x03e00000, 0x04350000, 0x09350000)
  eden space 4416K,   0% used [0x03e00000, 0x03e00000, 0x04250000)
  from space 512K, 100% used [0x04250000, 0x042d0000, 0x042d0000)
  to   space 512K,   0% used [0x042d0000, 0x042d0000, 0x04350000)
 tenured generation   total 10944K, used 10020K [0x09350000, 0x09e00000, 0x13e00000)
   the space 10944K,  91% used [0x09350000, 0x09d19138, 0x09d19200, 0x09e00000)
 Metaspace       used 8972K, capacity 9074K, committed 9216K, reserved 9600K
}
Event: 2.451 GC heap before
{Heap before GC invocations=20 (full 0):
 def new generation   total 4928K, used 4928K [0x03e00000, 0x04350000, 0x09350000)
  eden space 4416K, 100% used [0x03e00000, 0x04250000, 0x04250000)
  from space 512K, 100% used [0x04250000, 0x042d0000, 0x042d0000)
  to   space 512K,   0% used [0x042d0000, 0x042d0000, 0x04350000)
 tenured generation   total 10944K, used 10020K [0x09350000, 0x09e00000, 0x13e00000)
   the space 10944K,  91% used [0x09350000, 0x09d19138, 0x09d19200, 0x09e00000)
 Metaspace       used 8972K, capacity 9074K, committed 9216K, reserved 9600K

