# JRE version: Java(TM) SE Runtime Environment (8.0_161-b12) (build 1.8.0_161-b12)
# Java VM: Java HotSpot(TM) Client VM (25.161-b12 mixed mode, sharing windows-x86 )
Heap:
 def new generation   total 4928K, used 1008K [0x03c00000, 0x04150000, 0x09150000)
  eden space 4416K,  11% used [0x03c00000, 0x03c7c100, 0x04050000)
  from space 512K,  99% used [0x040d0000, 0x0414fff0, 0x04150000)
  to   space 512K,   0% used [0x04050000, 0x04050000, 0x040d0000)
 tenured generation   total 10944K, used 10569K [0x09150000, 0x09c00000, 0x13c00000)
   the space 10944K,  96% used [0x09150000, 0x09ba24b0, 0x09ba2600, 0x09c00000)
 Metaspace       used 7920K, capacity 7991K, committed 8064K, reserved 8576K
GC Heap History (10 events):
Event: 2.344 GC heap before
{Heap before GC invocations=18 (full 0):
 def new generation   total 4928K, used 4867K [0x03c00000, 0x04150000, 0x09150000)
  eden space 4416K, 100% used [0x03c00000, 0x04050000, 0x04050000)
  from space 512K,  88% used [0x04050000, 0x040c0f20, 0x040d0000)
  to   space 512K,   0% used [0x040d0000, 0x040d0000, 0x04150000)
 tenured generation   total 10944K, used 9149K [0x09150000, 0x09c00000, 0x13c00000)
   the space 10944K,  83% used [0x09150000, 0x09a3f6c8, 0x09a3f800, 0x09c00000)
 Metaspace       used 7486K, capacity 7543K, committed 7552K, reserved 7552K
Event: 2.348 GC heap after
Heap after GC invocations=19 (full 0):
 def new generation   total 4928K, used 512K [0x03c00000, 0x04150000, 0x09150000)
  eden space 4416K,   0% used [0x03c00000, 0x03c00000, 0x04050000)
  from space 512K, 100% used [0x040d0000, 0x04150000, 0x04150000)
  to   space 512K,   0% used [0x04050000, 0x04050000, 0x040d0000)
 tenured generation   total 10944K, used 9502K [0x09150000, 0x09c00000, 0x13c00000)
   the space 10944K,  86% used [0x09150000, 0x09a97bb8, 0x09a97c00, 0x09c00000)
 Metaspace       used 7486K, capacity 7543K, committed 7552K, reserved 7552K
}
Event: 2.395 GC heap before
{Heap before GC invocations=19 (full 0):
 def new generation   total 4928K, used 4928K [0x03c00000, 0x04150000, 0x09150000)
  eden space 4416K, 100% used [0x03c00000, 0x04050000, 0x04050000)
  from space 512K, 100% used [0x040d0000, 0x04150000, 0x04150000)
  to   space 512K,   0% used [0x04050000, 0x04050000, 0x040d0000)
 tenured generation   total 10944K, used 9502K [0x09150000, 0x09c00000, 0x13c00000)
   the space 10944K,  86% used [0x09150000, 0x09a97bb8, 0x09a97c00, 0x09c00000)
 Metaspace       used 7758K, capacity 7831K, committed 7936K, reserved 8576K
Event: 2.399 GC heap after
Heap after GC invocations=20 (full 0):
 def new generation   total 4928K, used 511K [0x03c00000, 0x04150000, 0x09150000)
  eden space 4416K,   0% used [0x03c00000, 0x03c00000, 0x04050000)
  from space 512K,  99% used [0x04050000, 0x040cff80, 0x040d0000)
  to   space 512K,   0% used [0x040d0000, 0x040d0000, 0x04150000)
 tenured generation   total 10944K, used 9976K [0x09150000, 0x09c00000, 0x13c00000)
   the space 10944K,  91% used [0x09150000, 0x09b0e328, 0x09b0e400, 0x09c00000)
 Metaspace       used 7758K, capacity 7831K, committed 7936K, reserved 8576K
}
Event: 2.441 GC heap before
{Heap before GC invocations=20 (full 0):
 def new generation   total 4928K, used 4927K [0x03c00000, 0x04150000, 0x09150000)
  eden space 4416K, 100% used [0x03c00000, 0x04050000, 0x04050000)
  from space 512K,  99% used [0x04050000, 0x040cff80, 0x040d0000)
  to   space 512K,   0% used [0x040d0000, 0x040d0000, 0x04150000)
 tenured generation   total 10944K, used 9976K [0x09150000, 0x09c00000, 0x13c00000)
   the space 10944K,  91% used [0x09150000, 0x09b0e328, 0x09b0e400, 0x09c00000)
 Metaspace       used 7858K, capacity 7927K, committed 7936K, reserved 8576K
Event: 2.444 GC heap after
Heap after GC invocations=21 (full 0):
 def new generation   total 4928K, used 456K [0x03c00000, 0x04150000, 0x09150000)
  eden space 4416K,   0% used [0x03c00000, 0x03c00000, 0x04050000)
  from space 512K,  89% used [0x040d0000, 0x041423f0, 0x04150000)
  to   space 512K,   0% used [0x04050000, 0x04050000, 0x040d0000)
 tenured generation   total 10944K, used 10228K [0x09150000, 0x09c00000, 0x13c00000)
   the space 10944K,  93% used [0x09150000, 0x09b4d208, 0x09b4d400, 0x09c00000)
 Metaspace       used 7858K, capacity 7927K, committed 7936K, reserved 8576K
}
Event: 2.485 GC heap before
{Heap before GC invocations=21 (full 0):
 def new generation   total 4928K, used 4872K [0x03c00000, 0x04150000, 0x09150000)
  eden space 4416K, 100% used [0x03c00000, 0x04050000, 0x04050000)
  from space 512K,  89% used [0x040d0000, 0x041423f0, 0x04150000)
  to   space 512K,   0% used [0x04050000, 0x04050000, 0x040d0000)
 tenured generation   total 10944K, used 10228K [0x09150000, 0x09c00000, 0x13c00000)
   the space 10944K,  93% used [0x09150000, 0x09b4d208, 0x09b4d400, 0x09c00000)
 Metaspace       used 7920K, capacity 7991K, committed 8064K, reserved 8576K
Event: 2.487 GC heap after
Heap after GC invocations=22 (full 0):
 def new generation   total 4928K, used 239K [0x03c00000, 0x04150000, 0x09150000)
  eden space 4416K,   0% used [0x03c00000, 0x03c00000, 0x04050000)
  from space 512K,  46% used [0x04050000, 0x0408bc50, 0x040d0000)
  to   space 512K,   0% used [0x040d0000, 0x040d0000, 0x04150000)
 tenured generation   total 10944K, used 10476K [0x09150000, 0x09c00000, 0x13c00000)
   the space 10944K,  95% used [0x09150000, 0x09b8b320, 0x09b8b400, 0x09c00000)
 Metaspace       used 7920K, capacity 7991K, committed 8064K, reserved 8576K
}
Event: 2.533 GC heap before
{Heap before GC invocations=22 (full 0):
 def new generation   total 4928K, used 4655K [0x03c00000, 0x04150000, 0x09150000)
  eden space 4416K, 100% used [0x03c00000, 0x04050000, 0x04050000)
  from space 512K,  46% used [0x04050000, 0x0408bc50, 0x040d0000)
  to   space 512K,   0% used [0x040d0000, 0x040d0000, 0x04150000)
 tenured generation   total 10944K, used 10476K [0x09150000, 0x09c00000, 0x13c00000)
   the space 10944K,  95% used [0x09150000, 0x09b8b320, 0x09b8b400, 0x09c00000)
 Metaspace       used 7920K, capacity 7991K, committed 8064K, reserved 8576K
Event: 2.536 GC heap after
Heap after GC invocations=23 (full 0):
 def new generation   total 4928K, used 511K [0x03c00000, 0x04150000, 0x09150000)
  eden space 4416K,   0% used [0x03c00000, 0x03c00000, 0x04050000)
  from space 512K,  99% used [0x040d0000, 0x0414fff0, 0x04150000)
  to   space 512K,   0% used [0x04050000, 0x04050000, 0x040d0000)
 tenured generation   total 10944K, used 10569K [0x09150000, 0x09c00000, 0x13c00000)
   the space 10944K,  96% used [0x09150000, 0x09ba24b0, 0x09ba2600, 0x09c00000)
 Metaspace       used 7920K, capacity 7991K, committed 8064K, reserved 8576K
}

