# JRE version: Java(TM) SE Runtime Environment (8.0_161-b12) (build 1.8.0_161-b12)
# Java VM: Java HotSpot(TM) Client VM (25.161-b12 mixed mode, sharing windows-x86 )
Heap:
 def new generation   total 4928K, used 2567K [0x03c00000, 0x04150000, 0x09150000)
  eden space 4416K,  46% used [0x03c00000, 0x03e04f48, 0x04050000)
  from space 512K,  97% used [0x040d0000, 0x0414d078, 0x04150000)
  to   space 512K,   0% used [0x04050000, 0x04050000, 0x040d0000)
 tenured generation   total 10944K, used 5127K [0x09150000, 0x09c00000, 0x13c00000)
   the space 10944K,  46% used [0x09150000, 0x09651da8, 0x09651e00, 0x09c00000)
 Metaspace       used 7759K, capacity 8650K, committed 8704K, reserved 9600K
GC Heap History (10 events):
Event: 3.573 GC heap before
{Heap before GC invocations=20 (full 0):
 def new generation   total 4928K, used 4802K [0x03c00000, 0x04150000, 0x09150000)
  eden space 4416K, 100% used [0x03c00000, 0x04050000, 0x04050000)
  from space 512K,  75% used [0x04050000, 0x040b0930, 0x040d0000)
  to   space 512K,   0% used [0x040d0000, 0x040d0000, 0x04150000)
 tenured generation   total 10944K, used 4454K [0x09150000, 0x09c00000, 0x13c00000)
   the space 10944K,  40% used [0x09150000, 0x095a9998, 0x095a9a00, 0x09c00000)
 Metaspace       used 6360K, capacity 7391K, committed 7424K, reserved 7552K
Event: 3.576 GC heap after
Heap after GC invocations=21 (full 0):
 def new generation   total 4928K, used 450K [0x03c00000, 0x04150000, 0x09150000)
  eden space 4416K,   0% used [0x03c00000, 0x03c00000, 0x04050000)
  from space 512K,  87% used [0x040d0000, 0x04140840, 0x04150000)
  to   space 512K,   0% used [0x04050000, 0x04050000, 0x040d0000)
 tenured generation   total 10944K, used 4506K [0x09150000, 0x09c00000, 0x13c00000)
   the space 10944K,  41% used [0x09150000, 0x095b6818, 0x095b6a00, 0x09c00000)
 Metaspace       used 6360K, capacity 7391K, committed 7424K, reserved 7552K
}
Event: 3.620 GC heap before
{Heap before GC invocations=21 (full 0):
 def new generation   total 4928K, used 4866K [0x03c00000, 0x04150000, 0x09150000)
  eden space 4416K, 100% used [0x03c00000, 0x04050000, 0x04050000)
  from space 512K,  87% used [0x040d0000, 0x04140840, 0x04150000)
  to   space 512K,   0% used [0x04050000, 0x04050000, 0x040d0000)
 tenured generation   total 10944K, used 4506K [0x09150000, 0x09c00000, 0x13c00000)
   the space 10944K,  41% used [0x09150000, 0x095b6818, 0x095b6a00, 0x09c00000)
 Metaspace       used 6589K, capacity 7640K, committed 7680K, reserved 8576K
Event: 3.628 GC heap after
Heap after GC invocations=22 (full 0):
 def new generation   total 4928K, used 417K [0x03c00000, 0x04150000, 0x09150000)
  eden space 4416K,   0% used [0x03c00000, 0x03c00000, 0x04050000)
  from space 512K,  81% used [0x04050000, 0x040b86e8, 0x040d0000)
  to   space 512K,   0% used [0x040d0000, 0x040d0000, 0x04150000)
 tenured generation   total 10944K, used 4674K [0x09150000, 0x09c00000, 0x13c00000)
   the space 10944K,  42% used [0x09150000, 0x095e0b10, 0x095e0c00, 0x09c00000)
 Metaspace       used 6589K, capacity 7640K, committed 7680K, reserved 8576K
}
Event: 3.677 GC heap before
{Heap before GC invocations=22 (full 0):
 def new generation   total 4928K, used 4833K [0x03c00000, 0x04150000, 0x09150000)
  eden space 4416K, 100% used [0x03c00000, 0x04050000, 0x04050000)
  from space 512K,  81% used [0x04050000, 0x040b86e8, 0x040d0000)
  to   space 512K,   0% used [0x040d0000, 0x040d0000, 0x04150000)
 tenured generation   total 10944K, used 4674K [0x09150000, 0x09c00000, 0x13c00000)
   the space 10944K,  42% used [0x09150000, 0x095e0b10, 0x095e0c00, 0x09c00000)
 Metaspace       used 6863K, capacity 7903K, committed 7936K, reserved 8576K
Event: 3.681 GC heap after
Heap after GC invocations=23 (full 0):
 def new generation   total 4928K, used 496K [0x03c00000, 0x04150000, 0x09150000)
  eden space 4416K,   0% used [0x03c00000, 0x03c00000, 0x04050000)
  from space 512K,  97% used [0x040d0000, 0x0414c358, 0x04150000)
  to   space 512K,   0% used [0x04050000, 0x04050000, 0x040d0000)
 tenured generation   total 10944K, used 4747K [0x09150000, 0x09c00000, 0x13c00000)
   the space 10944K,  43% used [0x09150000, 0x095f2cf8, 0x095f2e00, 0x09c00000)
 Metaspace       used 6863K, capacity 7903K, committed 7936K, reserved 8576K
}
Event: 3.770 GC heap before
{Heap before GC invocations=23 (full 0):
 def new generation   total 4928K, used 4912K [0x03c00000, 0x04150000, 0x09150000)
  eden space 4416K, 100% used [0x03c00000, 0x04050000, 0x04050000)
  from space 512K,  97% used [0x040d0000, 0x0414c358, 0x04150000)
  to   space 512K,   0% used [0x04050000, 0x04050000, 0x040d0000)
 tenured generation   total 10944K, used 4747K [0x09150000, 0x09c00000, 0x13c00000)
   the space 10944K,  43% used [0x09150000, 0x095f2cf8, 0x095f2e00, 0x09c00000)
 Metaspace       used 7268K, capacity 8160K, committed 8192K, reserved 8576K
Event: 3.773 GC heap after
Heap after GC invocations=24 (full 0):
 def new generation   total 4928K, used 475K [0x03c00000, 0x04150000, 0x09150000)
  eden space 4416K,   0% used [0x03c00000, 0x03c00000, 0x04050000)
  from space 512K,  92% used [0x04050000, 0x040c6c58, 0x040d0000)
  to   space 512K,   0% used [0x040d0000, 0x040d0000, 0x04150000)
 tenured generation   total 10944K, used 4871K [0x09150000, 0x09c00000, 0x13c00000)
   the space 10944K,  44% used [0x09150000, 0x09611fc8, 0x09612000, 0x09c00000)
 Metaspace       used 7268K, capacity 8160K, committed 8192K, reserved 8576K
}
Event: 3.817 GC heap before
{Heap before GC invocations=24 (full 0):
 def new generation   total 4928K, used 4891K [0x03c00000, 0x04150000, 0x09150000)
  eden space 4416K, 100% used [0x03c00000, 0x04050000, 0x04050000)
  from space 512K,  92% used [0x04050000, 0x040c6c58, 0x040d0000)
  to   space 512K,   0% used [0x040d0000, 0x040d0000, 0x04150000)
 tenured generation   total 10944K, used 4871K [0x09150000, 0x09c00000, 0x13c00000)
   the space 10944K,  44% used [0x09150000, 0x09611fc8, 0x09612000, 0x09c00000)
 Metaspace       used 7607K, capacity 8490K, committed 8576K, reserved 8576K
Event: 3.821 GC heap after
Heap after GC invocations=25 (full 0):
 def new generation   total 4928K, used 500K [0x03c00000, 0x04150000, 0x09150000)
  eden space 4416K,   0% used [0x03c00000, 0x03c00000, 0x04050000)
  from space 512K,  97% used [0x040d0000, 0x0414d078, 0x04150000)
  to   space 512K,   0% used [0x04050000, 0x04050000, 0x040d0000)
 tenured generation   total 10944K, used 5127K [0x09150000, 0x09c00000, 0x13c00000)
   the space 10944K,  46% used [0x09150000, 0x09651da8, 0x09651e00, 0x09c00000)
 Metaspace       used 7607K, capacity 8490K, committed 8576K, reserved 8576K
}

