# JRE version: Java(TM) SE Runtime Environment (8.0_161-b12) (build 1.8.0_161-b12)
# Java VM: Java HotSpot(TM) Client VM (25.161-b12 mixed mode windows-x86 )
Heap:
 def new generation   total 10176K, used 1088K [0x03e00000, 0x04900000, 0x09350000)
  eden space 9088K,   0% used [0x03e00000, 0x03e00000, 0x046e0000)
  from space 1088K, 100% used [0x047f0000, 0x04900000, 0x04900000)
  to   space 1088K,   0% used [0x046e0000, 0x046e0000, 0x047f0000)
 tenured generation   total 22832K, used 22747K [0x09350000, 0x0a99c000, 0x13e00000)
   the space 22832K,  99% used [0x09350000, 0x0a986f48, 0x0a5dd200, 0x0a99c000)
 Metaspace       used 16560K, capacity 16789K, committed 16896K, reserved 17792K
GC Heap History (10 events):
Event: 7.075 GC heap after
Heap after GC invocations=44 (full 2):
 def new generation   total 10176K, used 569K [0x03e00000, 0x04900000, 0x09350000)
  eden space 9088K,   0% used [0x03e00000, 0x03e00000, 0x046e0000)
  from space 1088K,  52% used [0x046e0000, 0x0476e7a8, 0x047f0000)
  to   space 1088K,   0% used [0x047f0000, 0x047f0000, 0x04900000)
 tenured generation   total 22448K, used 19371K [0x09350000, 0x0a93c000, 0x13e00000)
   the space 22448K,  86% used [0x09350000, 0x0a63aff8, 0x0a63b000, 0x0a93c000)
 Metaspace       used 13061K, capacity 13239K, committed 13312K, reserved 13696K
}
Event: 7.207 GC heap before
{Heap before GC invocations=44 (full 2):
 def new generation   total 10176K, used 9653K [0x03e00000, 0x04900000, 0x09350000)
  eden space 9088K,  99% used [0x03e00000, 0x046ded58, 0x046e0000)
  from space 1088K,  52% used [0x046e0000, 0x0476e7a8, 0x047f0000)
  to   space 1088K,   0% used [0x047f0000, 0x047f0000, 0x04900000)
 tenured generation   total 22448K, used 19371K [0x09350000, 0x0a93c000, 0x13e00000)
   the space 22448K,  86% used [0x09350000, 0x0a63aff8, 0x0a63b000, 0x0a93c000)
 Metaspace       used 13063K, capacity 13243K, committed 13312K, reserved 13696K
Event: 7.211 GC heap after
Heap after GC invocations=45 (full 2):
 def new generation   total 10176K, used 526K [0x03e00000, 0x04900000, 0x09350000)
  eden space 9088K,   0% used [0x03e00000, 0x03e00000, 0x046e0000)
  from space 1088K,  48% used [0x047f0000, 0x048738a0, 0x04900000)
  to   space 1088K,   0% used [0x046e0000, 0x046e0000, 0x047f0000)
 tenured generation   total 22448K, used 19759K [0x09350000, 0x0a93c000, 0x13e00000)
   the space 22448K,  88% used [0x09350000, 0x0a69bff8, 0x0a69c000, 0x0a93c000)
 Metaspace       used 13063K, capacity 13243K, committed 13312K, reserved 13696K
}
Event: 7.319 GC heap before
{Heap before GC invocations=45 (full 2):
 def new generation   total 10176K, used 9605K [0x03e00000, 0x04900000, 0x09350000)
  eden space 9088K,  99% used [0x03e00000, 0x046ddeb8, 0x046e0000)
  from space 1088K,  48% used [0x047f0000, 0x048738a0, 0x04900000)
  to   space 1088K,   0% used [0x046e0000, 0x046e0000, 0x047f0000)
 tenured generation   total 22448K, used 19759K [0x09350000, 0x0a93c000, 0x13e00000)
   the space 22448K,  88% used [0x09350000, 0x0a69bff8, 0x0a69c000, 0x0a93c000)
 Metaspace       used 13264K, capacity 13467K, committed 13568K, reserved 13696K
Event: 7.324 GC heap after
Heap after GC invocations=46 (full 2):
 def new generation   total 10176K, used 1088K [0x03e00000, 0x04900000, 0x09350000)
  eden space 9088K,   0% used [0x03e00000, 0x03e00000, 0x046e0000)
  from space 1088K, 100% used [0x046e0000, 0x047f0000, 0x047f0000)
  to   space 1088K,   0% used [0x047f0000, 0x047f0000, 0x04900000)
 tenured generation   total 22448K, used 20260K [0x09350000, 0x0a93c000, 0x13e00000)
   the space 22448K,  90% used [0x09350000, 0x0a7192a0, 0x0a719400, 0x0a93c000)
 Metaspace       used 13264K, capacity 13467K, committed 13568K, reserved 13696K
}
Event: 9.303 GC heap before
{Heap before GC invocations=46 (full 2):
 def new generation   total 10176K, used 10176K [0x03e00000, 0x04900000, 0x09350000)
  eden space 9088K, 100% used [0x03e00000, 0x046e0000, 0x046e0000)
  from space 1088K, 100% used [0x046e0000, 0x047f0000, 0x047f0000)
  to   space 1088K,   0% used [0x047f0000, 0x047f0000, 0x04900000)
 tenured generation   total 22448K, used 20260K [0x09350000, 0x0a93c000, 0x13e00000)
   the space 22448K,  90% used [0x09350000, 0x0a7192a0, 0x0a719400, 0x0a93c000)
 Metaspace       used 14060K, capacity 14275K, committed 14336K, reserved 14720K
Event: 9.314 GC heap after
Heap after GC invocations=47 (full 2):
 def new generation   total 10176K, used 1078K [0x03e00000, 0x04900000, 0x09350000)
  eden space 9088K,   0% used [0x03e00000, 0x03e00000, 0x046e0000)
  from space 1088K,  99% used [0x047f0000, 0x048fdb48, 0x04900000)
  to   space 1088K,   0% used [0x046e0000, 0x046e0000, 0x047f0000)
 tenured generation   total 22448K, used 20933K [0x09350000, 0x0a93c000, 0x13e00000)
   the space 22448K,  93% used [0x09350000, 0x0a7c14d8, 0x0a7c1600, 0x0a93c000)
 Metaspace       used 14060K, capacity 14275K, committed 14336K, reserved 14720K
}
Event: 9.666 GC heap before
{Heap before GC invocations=47 (full 2):
 def new generation   total 10176K, used 10166K [0x03e00000, 0x04900000, 0x09350000)
  eden space 9088K, 100% used [0x03e00000, 0x046e0000, 0x046e0000)
  from space 1088K,  99% used [0x047f0000, 0x048fdb48, 0x04900000)
  to   space 1088K,   0% used [0x046e0000, 0x046e0000, 0x047f0000)
 tenured generation   total 22448K, used 20933K [0x09350000, 0x0a93c000, 0x13e00000)
   the space 22448K,  93% used [0x09350000, 0x0a7c14d8, 0x0a7c1600, 0x0a93c000)
 Metaspace       used 15367K, capacity 15587K, committed 15616K, reserved 15744K
Event: 9.677 GC heap after
Heap after GC invocations=48 (full 2):
 def new generation   total 10176K, used 1087K [0x03e00000, 0x04900000, 0x09350000)
  eden space 9088K,   0% used [0x03e00000, 0x03e00000, 0x046e0000)
  from space 1088K,  99% used [0x046e0000, 0x047efff8, 0x047f0000)
  to   space 1088K,   0% used [0x047f0000, 0x047f0000, 0x04900000)
 tenured generation   total 22448K, used 21749K [0x09350000, 0x0a93c000, 0x13e00000)
   the space 22448K,  96% used [0x09350000, 0x0a88d7b0, 0x0a88d800, 0x0a93c000)
 Metaspace       used 15367K, capacity 15587K, committed 15616K, reserved 15744K
}
Event: 10.089 GC heap before
{Heap before GC invocations=48 (full 2):
 def new generation   total 10176K, used 10175K [0x03e00000, 0x04900000, 0x09350000)
  eden space 9088K,  99% used [0x03e00000, 0x046dff80, 0x046e0000)
  from space 1088K,  99% used [0x046e0000, 0x047efff8, 0x047f0000)
  to   space 1088K,   0% used [0x047f0000, 0x047f0000, 0x04900000)
 tenured generation   total 22448K, used 21749K [0x09350000, 0x0a93c000, 0x13e00000)
   the space 22448K,  96% used [0x09350000, 0x0a88d7b0, 0x0a88d800, 0x0a93c000)
 Metaspace       used 16560K, capacity 16789K, committed 16896K, reserved 17792K

