# JRE version: Java(TM) SE Runtime Environment (8.0_161-b12) (build 1.8.0_161-b12)
# Java VM: Java HotSpot(TM) Client VM (25.161-b12 mixed mode windows-x86 )
Heap:
 def new generation   total 4928K, used 3196K [0x04000000, 0x04550000, 0x09550000)
  eden space 4416K,  60% used [0x04000000, 0x0429f200, 0x04450000)
  from space 512K, 100% used [0x044d0000, 0x04550000, 0x04550000)
  to   space 512K,   0% used [0x04450000, 0x04450000, 0x044d0000)
 tenured generation   total 10944K, used 3020K [0x09550000, 0x0a000000, 0x14000000)
   the space 10944K,  27% used [0x09550000, 0x09843210, 0x09843400, 0x0a000000)
 Metaspace       used 5061K, capacity 5146K, committed 5248K, reserved 5504K
GC Heap History (8 events):
Event: 0.894 GC heap before
{Heap before GC invocations=0 (full 0):
 def new generation   total 4928K, used 4416K [0x04000000, 0x04550000, 0x09550000)
  eden space 4416K, 100% used [0x04000000, 0x04450000, 0x04450000)
  from space 512K,   0% used [0x04450000, 0x04450000, 0x044d0000)
  to   space 512K,   0% used [0x044d0000, 0x044d0000, 0x04550000)
 tenured generation   total 10944K, used 0K [0x09550000, 0x0a000000, 0x14000000)
   the space 10944K,   0% used [0x09550000, 0x09550000, 0x09550200, 0x0a000000)
 Metaspace       used 2623K, capacity 2674K, committed 2752K, reserved 4480K
Event: 0.901 GC heap after
Heap after GC invocations=1 (full 0):
 def new generation   total 4928K, used 512K [0x04000000, 0x04550000, 0x09550000)
  eden space 4416K,   0% used [0x04000000, 0x04000000, 0x04450000)
  from space 512K, 100% used [0x044d0000, 0x04550000, 0x04550000)
  to   space 512K,   0% used [0x04450000, 0x04450000, 0x044d0000)
 tenured generation   total 10944K, used 801K [0x09550000, 0x0a000000, 0x14000000)
   the space 10944K,   7% used [0x09550000, 0x09618790, 0x09618800, 0x0a000000)
 Metaspace       used 2623K, capacity 2674K, committed 2752K, reserved 4480K
}
Event: 1.243 GC heap before
{Heap before GC invocations=1 (full 0):
 def new generation   total 4928K, used 4928K [0x04000000, 0x04550000, 0x09550000)
  eden space 4416K, 100% used [0x04000000, 0x04450000, 0x04450000)
  from space 512K, 100% used [0x044d0000, 0x04550000, 0x04550000)
  to   space 512K,   0% used [0x04450000, 0x04450000, 0x044d0000)
 tenured generation   total 10944K, used 801K [0x09550000, 0x0a000000, 0x14000000)
   the space 10944K,   7% used [0x09550000, 0x09618790, 0x09618800, 0x0a000000)
 Metaspace       used 3618K, capacity 3706K, committed 3776K, reserved 4480K
Event: 1.249 GC heap after
Heap after GC invocations=2 (full 0):
 def new generation   total 4928K, used 512K [0x04000000, 0x04550000, 0x09550000)
  eden space 4416K,   0% used [0x04000000, 0x04000000, 0x04450000)
  from space 512K, 100% used [0x04450000, 0x044d0000, 0x044d0000)
  to   space 512K,   0% used [0x044d0000, 0x044d0000, 0x04550000)
 tenured generation   total 10944K, used 1806K [0x09550000, 0x0a000000, 0x14000000)
   the space 10944K,  16% used [0x09550000, 0x097138c8, 0x09713a00, 0x0a000000)
 Metaspace       used 3618K, capacity 3706K, committed 3776K, reserved 4480K
}
Event: 1.447 GC heap before
{Heap before GC invocations=2 (full 0):
 def new generation   total 4928K, used 4927K [0x04000000, 0x04550000, 0x09550000)
  eden space 4416K,  99% used [0x04000000, 0x0444fc70, 0x04450000)
  from space 512K, 100% used [0x04450000, 0x044d0000, 0x044d0000)
  to   space 512K,   0% used [0x044d0000, 0x044d0000, 0x04550000)
 tenured generation   total 10944K, used 1806K [0x09550000, 0x0a000000, 0x14000000)
   the space 10944K,  16% used [0x09550000, 0x097138c8, 0x09713a00, 0x0a000000)
 Metaspace       used 4162K, capacity 4250K, committed 4288K, reserved 4480K
Event: 1.452 GC heap after
Heap after GC invocations=3 (full 0):
 def new generation   total 4928K, used 512K [0x04000000, 0x04550000, 0x09550000)
  eden space 4416K,   0% used [0x04000000, 0x04000000, 0x04450000)
  from space 512K, 100% used [0x044d0000, 0x04550000, 0x04550000)
  to   space 512K,   0% used [0x04450000, 0x04450000, 0x044d0000)
 tenured generation   total 10944K, used 2450K [0x09550000, 0x0a000000, 0x14000000)
   the space 10944K,  22% used [0x09550000, 0x097b4a78, 0x097b4c00, 0x0a000000)
 Metaspace       used 4162K, capacity 4250K, committed 4288K, reserved 4480K
}
Event: 1.712 GC heap before
{Heap before GC invocations=3 (full 0):
 def new generation   total 4928K, used 4928K [0x04000000, 0x04550000, 0x09550000)
  eden space 4416K, 100% used [0x04000000, 0x04450000, 0x04450000)
  from space 512K, 100% used [0x044d0000, 0x04550000, 0x04550000)
  to   space 512K,   0% used [0x04450000, 0x04450000, 0x044d0000)
 tenured generation   total 10944K, used 2450K [0x09550000, 0x0a000000, 0x14000000)
   the space 10944K,  22% used [0x09550000, 0x097b4a78, 0x097b4c00, 0x0a000000)
 Metaspace       used 4811K, capacity 4890K, committed 4992K, reserved 5504K
Event: 1.716 GC heap after
Heap after GC invocations=4 (full 0):
 def new generation   total 4928K, used 512K [0x04000000, 0x04550000, 0x09550000)
  eden space 4416K,   0% used [0x04000000, 0x04000000, 0x04450000)
  from space 512K, 100% used [0x04450000, 0x044d0000, 0x044d0000)
  to   space 512K,   0% used [0x044d0000, 0x044d0000, 0x04550000)
 tenured generation   total 10944K, used 2892K [0x09550000, 0x0a000000, 0x14000000)
   the space 10944K,  26% used [0x09550000, 0x098230b8, 0x09823200, 0x0a000000)
 Metaspace       used 4811K, capacity 4890K, committed 4992K, reserved 5504K
}

