# JRE version: Java(TM) SE Runtime Environment (8.0_161-b12) (build 1.8.0_161-b12)
# Java VM: Java HotSpot(TM) Client VM (25.161-b12 mixed mode windows-x86 )
Heap:
 def new generation   total 10944K, used 1216K [0x03c00000, 0x047e0000, 0x09150000)
  eden space 9728K,   0% used [0x03c00000, 0x03c00000, 0x04580000)
  from space 1216K, 100% used [0x046b0000, 0x047e0000, 0x047e0000)
  to   space 1216K,   0% used [0x04580000, 0x04580000, 0x046b0000)
 tenured generation   total 24692K, used 24646K [0x09150000, 0x0a96d000, 0x13c00000)
   the space 24692K,  99% used [0x09150000, 0x0a961a68, 0x0a961c00, 0x0a96d000)
 Metaspace       used 17123K, capacity 17338K, committed 17408K, reserved 17792K
GC Heap History (10 events):
Event: 8.336 GC heap after
Heap after GC invocations=44 (full 2):
 def new generation   total 10944K, used 715K [0x03c00000, 0x047e0000, 0x09150000)
  eden space 9728K,   0% used [0x03c00000, 0x03c00000, 0x04580000)
  from space 1216K,  58% used [0x04580000, 0x04632fe8, 0x046b0000)
  to   space 1216K,   0% used [0x046b0000, 0x046b0000, 0x047e0000)
 tenured generation   total 24308K, used 20973K [0x09150000, 0x0a90d000, 0x13c00000)
   the space 24308K,  86% used [0x09150000, 0x0a5cb460, 0x0a5cb600, 0x0a90d000)
 Metaspace       used 13250K, capacity 13401K, committed 13440K, reserved 13696K
}
Event: 8.493 GC heap before
{Heap before GC invocations=44 (full 2):
 def new generation   total 10944K, used 10443K [0x03c00000, 0x047e0000, 0x09150000)
  eden space 9728K, 100% used [0x03c00000, 0x04580000, 0x04580000)
  from space 1216K,  58% used [0x04580000, 0x04632fe8, 0x046b0000)
  to   space 1216K,   0% used [0x046b0000, 0x046b0000, 0x047e0000)
 tenured generation   total 24308K, used 20973K [0x09150000, 0x0a90d000, 0x13c00000)
   the space 24308K,  86% used [0x09150000, 0x0a5cb460, 0x0a5cb600, 0x0a90d000)
 Metaspace       used 13319K, capacity 13501K, committed 13568K, reserved 13696K
Event: 8.497 GC heap after
Heap after GC invocations=45 (full 2):
 def new generation   total 10944K, used 710K [0x03c00000, 0x047e0000, 0x09150000)
  eden space 9728K,   0% used [0x03c00000, 0x03c00000, 0x04580000)
  from space 1216K,  58% used [0x046b0000, 0x04761b70, 0x047e0000)
  to   space 1216K,   0% used [0x04580000, 0x04580000, 0x046b0000)
 tenured generation   total 24308K, used 21470K [0x09150000, 0x0a90d000, 0x13c00000)
   the space 24308K,  88% used [0x09150000, 0x0a647808, 0x0a647a00, 0x0a90d000)
 Metaspace       used 13319K, capacity 13501K, committed 13568K, reserved 13696K
}
Event: 8.672 GC heap before
{Heap before GC invocations=45 (full 2):
 def new generation   total 10944K, used 10438K [0x03c00000, 0x047e0000, 0x09150000)
  eden space 9728K, 100% used [0x03c00000, 0x04580000, 0x04580000)
  from space 1216K,  58% used [0x046b0000, 0x04761b70, 0x047e0000)
  to   space 1216K,   0% used [0x04580000, 0x04580000, 0x046b0000)
 tenured generation   total 24308K, used 21470K [0x09150000, 0x0a90d000, 0x13c00000)
   the space 24308K,  88% used [0x09150000, 0x0a647808, 0x0a647a00, 0x0a90d000)
 Metaspace       used 13809K, capacity 13987K, committed 14080K, reserved 14720K
Event: 8.677 GC heap after
Heap after GC invocations=46 (full 2):
 def new generation   total 10944K, used 1151K [0x03c00000, 0x047e0000, 0x09150000)
  eden space 9728K,   0% used [0x03c00000, 0x03c00000, 0x04580000)
  from space 1216K,  94% used [0x04580000, 0x0469fd30, 0x046b0000)
  to   space 1216K,   0% used [0x046b0000, 0x046b0000, 0x047e0000)
 tenured generation   total 24308K, used 21835K [0x09150000, 0x0a90d000, 0x13c00000)
   the space 24308K,  89% used [0x09150000, 0x0a6a2d90, 0x0a6a2e00, 0x0a90d000)
 Metaspace       used 13809K, capacity 13987K, committed 14080K, reserved 14720K
}
Event: 10.194 GC heap before
{Heap before GC invocations=46 (full 2):
 def new generation   total 10944K, used 10879K [0x03c00000, 0x047e0000, 0x09150000)
  eden space 9728K, 100% used [0x03c00000, 0x04580000, 0x04580000)
  from space 1216K,  94% used [0x04580000, 0x0469fd30, 0x046b0000)
  to   space 1216K,   0% used [0x046b0000, 0x046b0000, 0x047e0000)
 tenured generation   total 24308K, used 21835K [0x09150000, 0x0a90d000, 0x13c00000)
   the space 24308K,  89% used [0x09150000, 0x0a6a2d90, 0x0a6a2e00, 0x0a90d000)
 Metaspace       used 14662K, capacity 14853K, committed 14976K, reserved 15744K
Event: 10.199 GC heap after
Heap after GC invocations=47 (full 2):
 def new generation   total 10944K, used 1197K [0x03c00000, 0x047e0000, 0x09150000)
  eden space 9728K,   0% used [0x03c00000, 0x03c00000, 0x04580000)
  from space 1216K,  98% used [0x046b0000, 0x047db5f8, 0x047e0000)
  to   space 1216K,   0% used [0x04580000, 0x04580000, 0x046b0000)
 tenured generation   total 24308K, used 22244K [0x09150000, 0x0a90d000, 0x13c00000)
   the space 24308K,  91% used [0x09150000, 0x0a709090, 0x0a709200, 0x0a90d000)
 Metaspace       used 14662K, capacity 14853K, committed 14976K, reserved 15744K
}
Event: 10.481 GC heap before
{Heap before GC invocations=47 (full 2):
 def new generation   total 10944K, used 10925K [0x03c00000, 0x047e0000, 0x09150000)
  eden space 9728K, 100% used [0x03c00000, 0x04580000, 0x04580000)
  from space 1216K,  98% used [0x046b0000, 0x047db5f8, 0x047e0000)
  to   space 1216K,   0% used [0x04580000, 0x04580000, 0x046b0000)
 tenured generation   total 24308K, used 22244K [0x09150000, 0x0a90d000, 0x13c00000)
   the space 24308K,  91% used [0x09150000, 0x0a709090, 0x0a709200, 0x0a90d000)
 Metaspace       used 16382K, capacity 16567K, committed 16640K, reserved 16768K
Event: 10.487 GC heap after
Heap after GC invocations=48 (full 2):
 def new generation   total 10944K, used 1216K [0x03c00000, 0x047e0000, 0x09150000)
  eden space 9728K,   0% used [0x03c00000, 0x03c00000, 0x04580000)
  from space 1216K, 100% used [0x04580000, 0x046b0000, 0x046b0000)
  to   space 1216K,   0% used [0x046b0000, 0x046b0000, 0x047e0000)
 tenured generation   total 24308K, used 23212K [0x09150000, 0x0a90d000, 0x13c00000)
   the space 24308K,  95% used [0x09150000, 0x0a7fb2a8, 0x0a7fb400, 0x0a90d000)
 Metaspace       used 16382K, capacity 16567K, committed 16640K, reserved 16768K
}
Event: 10.712 GC heap before
{Heap before GC invocations=48 (full 2):
 def new generation   total 10944K, used 10944K [0x03c00000, 0x047e0000, 0x09150000)
  eden space 9728K, 100% used [0x03c00000, 0x04580000, 0x04580000)
  from space 1216K, 100% used [0x04580000, 0x046b0000, 0x046b0000)
  to   space 1216K,   0% used [0x046b0000, 0x046b0000, 0x047e0000)
 tenured generation   total 24308K, used 23212K [0x09150000, 0x0a90d000, 0x13c00000)
   the space 24308K,  95% used [0x09150000, 0x0a7fb2a8, 0x0a7fb400, 0x0a90d000)
 Metaspace       used 17123K, capacity 17338K, committed 17408K, reserved 17792K

