# JRE version: Java(TM) SE Runtime Environment (8.0_161-b12) (build 1.8.0_161-b12)
# Java VM: Java HotSpot(TM) Client VM (25.161-b12 mixed mode windows-x86 )
Heap:
 def new generation   total 4928K, used 403K [0x03e00000, 0x04350000, 0x09350000)
  eden space 4416K,   0% used [0x03e00000, 0x03e00000, 0x04250000)
  from space 512K,  78% used [0x04250000, 0x042b4f28, 0x042d0000)
  to   space 512K,   0% used [0x042d0000, 0x042d0000, 0x04350000)
 tenured generation   total 11328K, used 11242K [0x09350000, 0x09e60000, 0x13e00000)
   the space 11328K,  99% used [0x09350000, 0x09e4aa50, 0x09e4ac00, 0x09e60000)
 Metaspace       used 9210K, capacity 9327K, committed 9472K, reserved 9600K
GC Heap History (10 events):
Event: 3.978 GC heap after
Heap after GC invocations=19 (full 0):
 def new generation   total 4928K, used 512K [0x03e00000, 0x04350000, 0x09350000)
  eden space 4416K,   0% used [0x03e00000, 0x03e00000, 0x04250000)
  from space 512K, 100% used [0x042d0000, 0x04350000, 0x04350000)
  to   space 512K,   0% used [0x04250000, 0x04250000, 0x042d0000)
 tenured generation   total 10944K, used 9266K [0x09350000, 0x09e00000, 0x13e00000)
   the space 10944K,  84% used [0x09350000, 0x09c5c8c8, 0x09c5ca00, 0x09e00000)
 Metaspace       used 9098K, capacity 9229K, committed 9344K, reserved 9600K
}
Event: 4.105 GC heap before
{Heap before GC invocations=19 (full 0):
 def new generation   total 4928K, used 4928K [0x03e00000, 0x04350000, 0x09350000)
  eden space 4416K, 100% used [0x03e00000, 0x04250000, 0x04250000)
  from space 512K, 100% used [0x042d0000, 0x04350000, 0x04350000)
  to   space 512K,   0% used [0x04250000, 0x04250000, 0x042d0000)
 tenured generation   total 10944K, used 9266K [0x09350000, 0x09e00000, 0x13e00000)
   the space 10944K,  84% used [0x09350000, 0x09c5c8c8, 0x09c5ca00, 0x09e00000)
 Metaspace       used 9173K, capacity 9293K, committed 9344K, reserved 9600K
Event: 4.113 GC heap after
Heap after GC invocations=20 (full 0):
 def new generation   total 4928K, used 410K [0x03e00000, 0x04350000, 0x09350000)
  eden space 4416K,   0% used [0x03e00000, 0x03e00000, 0x04250000)
  from space 512K,  80% used [0x04250000, 0x042b6840, 0x042d0000)
  to   space 512K,   0% used [0x042d0000, 0x042d0000, 0x04350000)
 tenured generation   total 10944K, used 9709K [0x09350000, 0x09e00000, 0x13e00000)
   the space 10944K,  88% used [0x09350000, 0x09ccb4b8, 0x09ccb600, 0x09e00000)
 Metaspace       used 9173K, capacity 9293K, committed 9344K, reserved 9600K
}
Event: 4.214 GC heap before
{Heap before GC invocations=20 (full 0):
 def new generation   total 4928K, used 4826K [0x03e00000, 0x04350000, 0x09350000)
  eden space 4416K, 100% used [0x03e00000, 0x04250000, 0x04250000)
  from space 512K,  80% used [0x04250000, 0x042b6840, 0x042d0000)
  to   space 512K,   0% used [0x042d0000, 0x042d0000, 0x04350000)
 tenured generation   total 10944K, used 9709K [0x09350000, 0x09e00000, 0x13e00000)
   the space 10944K,  88% used [0x09350000, 0x09ccb4b8, 0x09ccb600, 0x09e00000)
 Metaspace       used 9196K, capacity 9295K, committed 9344K, reserved 9600K
Event: 4.222 GC heap after
Heap after GC invocations=21 (full 0):
 def new generation   total 4928K, used 512K [0x03e00000, 0x04350000, 0x09350000)
  eden space 4416K,   0% used [0x03e00000, 0x03e00000, 0x04250000)
  from space 512K, 100% used [0x042d0000, 0x04350000, 0x04350000)
  to   space 512K,   0% used [0x04250000, 0x04250000, 0x042d0000)
 tenured generation   total 10944K, used 10174K [0x09350000, 0x09e00000, 0x13e00000)
   the space 10944K,  92% used [0x09350000, 0x09d3f860, 0x09d3fa00, 0x09e00000)
 Metaspace       used 9196K, capacity 9295K, committed 9344K, reserved 9600K
}
Event: 4.293 GC heap before
{Heap before GC invocations=21 (full 0):
 def new generation   total 4928K, used 4928K [0x03e00000, 0x04350000, 0x09350000)
  eden space 4416K, 100% used [0x03e00000, 0x04250000, 0x04250000)
  from space 512K, 100% used [0x042d0000, 0x04350000, 0x04350000)
  to   space 512K,   0% used [0x04250000, 0x04250000, 0x042d0000)
 tenured generation   total 10944K, used 10174K [0x09350000, 0x09e00000, 0x13e00000)
   the space 10944K,  92% used [0x09350000, 0x09d3f860, 0x09d3fa00, 0x09e00000)
 Metaspace       used 9196K, capacity 9295K, committed 9344K, reserved 9600K
Event: 4.299 GC heap after
Heap after GC invocations=22 (full 0):
 def new generation   total 4928K, used 418K [0x03e00000, 0x04350000, 0x09350000)
  eden space 4416K,   0% used [0x03e00000, 0x03e00000, 0x04250000)
  from space 512K,  81% used [0x04250000, 0x042b8bf8, 0x042d0000)
  to   space 512K,   0% used [0x042d0000, 0x042d0000, 0x04350000)
 tenured generation   total 10944K, used 10470K [0x09350000, 0x09e00000, 0x13e00000)
   the space 10944K,  95% used [0x09350000, 0x09d89b08, 0x09d89c00, 0x09e00000)
 Metaspace       used 9196K, capacity 9295K, committed 9344K, reserved 9600K
}
Event: 4.353 GC heap before
{Heap before GC invocations=22 (full 0):
 def new generation   total 4928K, used 4834K [0x03e00000, 0x04350000, 0x09350000)
  eden space 4416K, 100% used [0x03e00000, 0x04250000, 0x04250000)
  from space 512K,  81% used [0x04250000, 0x042b8bf8, 0x042d0000)
  to   space 512K,   0% used [0x042d0000, 0x042d0000, 0x04350000)
 tenured generation   total 10944K, used 10470K [0x09350000, 0x09e00000, 0x13e00000)
   the space 10944K,  95% used [0x09350000, 0x09d89b08, 0x09d89c00, 0x09e00000)
 Metaspace       used 9196K, capacity 9295K, committed 9344K, reserved 9600K
Event: 4.359 GC heap after
Heap after GC invocations=23 (full 0):
 def new generation   total 4928K, used 456K [0x03e00000, 0x04350000, 0x09350000)
  eden space 4416K,   0% used [0x03e00000, 0x03e00000, 0x04250000)
  from space 512K,  89% used [0x042d0000, 0x04342228, 0x04350000)
  to   space 512K,   0% used [0x04250000, 0x04250000, 0x042d0000)
 tenured generation   total 10944K, used 10879K [0x09350000, 0x09e00000, 0x13e00000)
   the space 10944K,  99% used [0x09350000, 0x09defc58, 0x09defe00, 0x09e00000)
 Metaspace       used 9196K, capacity 9295K, committed 9344K, reserved 9600K
}
Event: 4.459 GC heap before
{Heap before GC invocations=23 (full 0):
 def new generation   total 4928K, used 4872K [0x03e00000, 0x04350000, 0x09350000)
  eden space 4416K, 100% used [0x03e00000, 0x04250000, 0x04250000)
  from space 512K,  89% used [0x042d0000, 0x04342228, 0x04350000)
  to   space 512K,   0% used [0x04250000, 0x04250000, 0x042d0000)
 tenured generation   total 10944K, used 10879K [0x09350000, 0x09e00000, 0x13e00000)
   the space 10944K,  99% used [0x09350000, 0x09defc58, 0x09defe00, 0x09e00000)
 Metaspace       used 9210K, capacity 9327K, committed 9472K, reserved 9600K

